 BELLHOP/BELLHOP3D

 BELLHOP- shallow                                                                
 frequency =   100.0     Hz

 Dummy parameter NMedia =            1

     N2-linear approximation to SSP
     Attenuation units: dB/wavelength
     VACUUM

 Depth =    6000.00 m

 Sound speed profile:
   z (m)     alphaR (m/s)   betaR  rho (g/cm^3)  alphaI     betaI

      0.00      1342.05      0.00   ******       0.0000    0.0000
      5.00      1341.65      0.00   ******       0.0000    0.0000
     10.00      1341.24      0.00   ******       0.0000    0.0000
     15.00      1340.84      0.00   ******       0.0000    0.0000
     20.00      1340.44      0.00   ******       0.0000    0.0000
     25.00      1340.05      0.00   ******       0.0000    0.0000
     30.00      1339.66      0.00   ******       0.0000    0.0000
     35.00      1339.27      0.00   ******       0.0000    0.0000
     40.00      1338.89      0.00   ******       0.0000    0.0000
     45.00      1338.50      0.00   ******       0.0000    0.0000
     50.00      1338.12      0.00   ******       0.0000    0.0000
     55.00      1337.75      0.00   ******       0.0000    0.0000
     60.00      1337.38      0.00   ******       0.0000    0.0000
     65.00      1337.00      0.00   ******       0.0000    0.0000
     70.00      1336.64      0.00   ******       0.0000    0.0000
     75.00      1336.27      0.00   ******       0.0000    0.0000
     80.00      1335.91      0.00   ******       0.0000    0.0000
     85.00      1335.55      0.00   ******       0.0000    0.0000
     90.00      1335.20      0.00   ******       0.0000    0.0000
     95.00      1334.84      0.00   ******       0.0000    0.0000
    100.00      1334.49      0.00   ******       0.0000    0.0000
    105.00      1334.14      0.00   ******       0.0000    0.0000
    110.00      1333.80      0.00   ******       0.0000    0.0000
    115.00      1333.46      0.00   ******       0.0000    0.0000
    120.00      1333.12      0.00   ******       0.0000    0.0000
    125.00      1332.78      0.00   ******       0.0000    0.0000
    130.00      1332.45      0.00   ******       0.0000    0.0000
    135.00      1332.11      0.00   ******       0.0000    0.0000
    140.00      1331.79      0.00   ******       0.0000    0.0000
    145.00      1331.46      0.00   ******       0.0000    0.0000
    150.00      1331.13      0.00   ******       0.0000    0.0000
    155.00      1330.81      0.00   ******       0.0000    0.0000
    160.00      1330.49      0.00   ******       0.0000    0.0000
    165.00      1330.18      0.00   ******       0.0000    0.0000
    170.00      1329.87      0.00   ******       0.0000    0.0000
    175.00      1329.55      0.00   ******       0.0000    0.0000
    180.00      1329.25      0.00   ******       0.0000    0.0000
    185.00      1328.94      0.00   ******       0.0000    0.0000
    190.00      1328.64      0.00   ******       0.0000    0.0000
    195.00      1328.33      0.00   ******       0.0000    0.0000
    200.00      1328.04      0.00   ******       0.0000    0.0000
    205.00      1327.74      0.00   ******       0.0000    0.0000
    210.00      1327.45      0.00   ******       0.0000    0.0000
    215.00      1327.15      0.00   ******       0.0000    0.0000
    220.00      1326.86      0.00   ******       0.0000    0.0000
    225.00      1326.58      0.00   ******       0.0000    0.0000
    230.00      1326.29      0.00   ******       0.0000    0.0000
    235.00      1326.01      0.00   ******       0.0000    0.0000
    240.00      1325.73      0.00   ******       0.0000    0.0000
    245.00      1325.45      0.00   ******       0.0000    0.0000
    250.00      1325.18      0.00   ******       0.0000    0.0000
    255.00      1324.90      0.00   ******       0.0000    0.0000
    260.00      1324.63      0.00   ******       0.0000    0.0000
    265.00      1324.36      0.00   ******       0.0000    0.0000
    270.00      1324.10      0.00   ******       0.0000    0.0000
    275.00      1323.83      0.00   ******       0.0000    0.0000
    280.00      1323.57      0.00   ******       0.0000    0.0000
    285.00      1323.31      0.00   ******       0.0000    0.0000
    290.00      1323.05      0.00   ******       0.0000    0.0000
    295.00      1322.80      0.00   ******       0.0000    0.0000
    300.00      1322.54      0.00   ******       0.0000    0.0000
    305.00      1322.29      0.00   ******       0.0000    0.0000
    310.00      1322.04      0.00   ******       0.0000    0.0000
    315.00      1321.80      0.00   ******       0.0000    0.0000
    320.00      1321.55      0.00   ******       0.0000    0.0000
    325.00      1321.31      0.00   ******       0.0000    0.0000
    330.00      1321.07      0.00   ******       0.0000    0.0000
    335.00      1320.83      0.00   ******       0.0000    0.0000
    340.00      1320.59      0.00   ******       0.0000    0.0000
    345.00      1320.36      0.00   ******       0.0000    0.0000
    350.00      1320.12      0.00   ******       0.0000    0.0000
    355.00      1319.89      0.00   ******       0.0000    0.0000
    360.00      1319.66      0.00   ******       0.0000    0.0000
    365.00      1319.44      0.00   ******       0.0000    0.0000
    370.00      1319.21      0.00   ******       0.0000    0.0000
    375.00      1318.99      0.00   ******       0.0000    0.0000
    380.00      1318.77      0.00   ******       0.0000    0.0000
    385.00      1318.55      0.00   ******       0.0000    0.0000
    390.00      1318.33      0.00   ******       0.0000    0.0000
    395.00      1318.11      0.00   ******       0.0000    0.0000
    400.00      1317.90      0.00   ******       0.0000    0.0000
    405.00      1317.69      0.00   ******       0.0000    0.0000
    410.00      1317.48      0.00   ******       0.0000    0.0000
    415.00      1317.27      0.00   ******       0.0000    0.0000
    420.00      1317.06      0.00   ******       0.0000    0.0000
    425.00      1316.86      0.00   ******       0.0000    0.0000
    430.00      1316.65      0.00   ******       0.0000    0.0000
    435.00      1316.45      0.00   ******       0.0000    0.0000
    440.00      1316.25      0.00   ******       0.0000    0.0000
    445.00      1316.05      0.00   ******       0.0000    0.0000
    450.00      1315.86      0.00   ******       0.0000    0.0000
    455.00      1315.66      0.00   ******       0.0000    0.0000
    460.00      1315.47      0.00   ******       0.0000    0.0000
    465.00      1315.28      0.00   ******       0.0000    0.0000
    470.00      1315.09      0.00   ******       0.0000    0.0000
    475.00      1314.90      0.00   ******       0.0000    0.0000
    480.00      1314.72      0.00   ******       0.0000    0.0000
    485.00      1314.53      0.00   ******       0.0000    0.0000
    490.00      1314.35      0.00   ******       0.0000    0.0000
    495.00      1314.17      0.00   ******       0.0000    0.0000
    500.00      1313.99      0.00   ******       0.0000    0.0000
    505.00      1313.81      0.00   ******       0.0000    0.0000
    510.00      1313.64      0.00   ******       0.0000    0.0000
    515.00      1313.46      0.00   ******       0.0000    0.0000
    520.00      1313.29      0.00   ******       0.0000    0.0000
    525.00      1313.12      0.00   ******       0.0000    0.0000
    530.00      1312.95      0.00   ******       0.0000    0.0000
    535.00      1312.78      0.00   ******       0.0000    0.0000
    540.00      1312.61      0.00   ******       0.0000    0.0000
    545.00      1312.45      0.00   ******       0.0000    0.0000
    550.00      1312.29      0.00   ******       0.0000    0.0000
    555.00      1312.12      0.00   ******       0.0000    0.0000
    560.00      1311.96      0.00   ******       0.0000    0.0000
    565.00      1311.80      0.00   ******       0.0000    0.0000
    570.00      1311.65      0.00   ******       0.0000    0.0000
    575.00      1311.49      0.00   ******       0.0000    0.0000
    580.00      1311.34      0.00   ******       0.0000    0.0000
    585.00      1311.18      0.00   ******       0.0000    0.0000
    590.00      1311.03      0.00   ******       0.0000    0.0000
    595.00      1310.88      0.00   ******       0.0000    0.0000
    600.00      1310.73      0.00   ******       0.0000    0.0000
    605.00      1310.58      0.00   ******       0.0000    0.0000
    610.00      1310.44      0.00   ******       0.0000    0.0000
    615.00      1310.29      0.00   ******       0.0000    0.0000
    620.00      1310.15      0.00   ******       0.0000    0.0000
    625.00      1310.01      0.00   ******       0.0000    0.0000
    630.00      1309.87      0.00   ******       0.0000    0.0000
    635.00      1309.73      0.00   ******       0.0000    0.0000
    640.00      1309.59      0.00   ******       0.0000    0.0000
    645.00      1309.45      0.00   ******       0.0000    0.0000
    650.00      1309.32      0.00   ******       0.0000    0.0000
    655.00      1309.19      0.00   ******       0.0000    0.0000
    660.00      1309.05      0.00   ******       0.0000    0.0000
    665.00      1308.92      0.00   ******       0.0000    0.0000
    670.00      1308.79      0.00   ******       0.0000    0.0000
    675.00      1308.66      0.00   ******       0.0000    0.0000
    680.00      1308.54      0.00   ******       0.0000    0.0000
    685.00      1308.41      0.00   ******       0.0000    0.0000
    690.00      1308.28      0.00   ******       0.0000    0.0000
    695.00      1308.16      0.00   ******       0.0000    0.0000
    700.00      1308.04      0.00   ******       0.0000    0.0000
    705.00      1307.92      0.00   ******       0.0000    0.0000
    710.00      1307.80      0.00   ******       0.0000    0.0000
    715.00      1307.68      0.00   ******       0.0000    0.0000
    720.00      1307.56      0.00   ******       0.0000    0.0000
    725.00      1307.45      0.00   ******       0.0000    0.0000
    730.00      1307.33      0.00   ******       0.0000    0.0000
    735.00      1307.22      0.00   ******       0.0000    0.0000
    740.00      1307.10      0.00   ******       0.0000    0.0000
    745.00      1306.99      0.00   ******       0.0000    0.0000
    750.00      1306.88      0.00   ******       0.0000    0.0000
    755.00      1306.77      0.00   ******       0.0000    0.0000
    760.00      1306.66      0.00   ******       0.0000    0.0000
    765.00      1306.56      0.00   ******       0.0000    0.0000
    770.00      1306.45      0.00   ******       0.0000    0.0000
    775.00      1306.35      0.00   ******       0.0000    0.0000
    780.00      1306.24      0.00   ******       0.0000    0.0000
    785.00      1306.14      0.00   ******       0.0000    0.0000
    790.00      1306.04      0.00   ******       0.0000    0.0000
    795.00      1305.94      0.00   ******       0.0000    0.0000
    800.00      1305.84      0.00   ******       0.0000    0.0000
    805.00      1305.74      0.00   ******       0.0000    0.0000
    810.00      1305.65      0.00   ******       0.0000    0.0000
    815.00      1305.55      0.00   ******       0.0000    0.0000
    820.00      1305.46      0.00   ******       0.0000    0.0000
    825.00      1305.36      0.00   ******       0.0000    0.0000
    830.00      1305.27      0.00   ******       0.0000    0.0000
    835.00      1305.18      0.00   ******       0.0000    0.0000
    840.00      1305.09      0.00   ******       0.0000    0.0000
    845.00      1305.00      0.00   ******       0.0000    0.0000
    850.00      1304.91      0.00   ******       0.0000    0.0000
    855.00      1304.82      0.00   ******       0.0000    0.0000
    860.00      1304.73      0.00   ******       0.0000    0.0000
    865.00      1304.65      0.00   ******       0.0000    0.0000
    870.00      1304.56      0.00   ******       0.0000    0.0000
    875.00      1304.48      0.00   ******       0.0000    0.0000
    880.00      1304.40      0.00   ******       0.0000    0.0000
    885.00      1304.32      0.00   ******       0.0000    0.0000
    890.00      1304.24      0.00   ******       0.0000    0.0000
    895.00      1304.16      0.00   ******       0.0000    0.0000
    900.00      1304.08      0.00   ******       0.0000    0.0000
    905.00      1304.00      0.00   ******       0.0000    0.0000
    910.00      1303.92      0.00   ******       0.0000    0.0000
    915.00      1303.85      0.00   ******       0.0000    0.0000
    920.00      1303.77      0.00   ******       0.0000    0.0000
    925.00      1303.70      0.00   ******       0.0000    0.0000
    930.00      1303.62      0.00   ******       0.0000    0.0000
    935.00      1303.55      0.00   ******       0.0000    0.0000
    940.00      1303.48      0.00   ******       0.0000    0.0000
    945.00      1303.41      0.00   ******       0.0000    0.0000
    950.00      1303.34      0.00   ******       0.0000    0.0000
    955.00      1303.27      0.00   ******       0.0000    0.0000
    960.00      1303.20      0.00   ******       0.0000    0.0000
    965.00      1303.14      0.00   ******       0.0000    0.0000
    970.00      1303.07      0.00   ******       0.0000    0.0000
    975.00      1303.01      0.00   ******       0.0000    0.0000
    980.00      1302.94      0.00   ******       0.0000    0.0000
    985.00      1302.88      0.00   ******       0.0000    0.0000
    990.00      1302.82      0.00   ******       0.0000    0.0000
    995.00      1302.75      0.00   ******       0.0000    0.0000
   1000.00      1302.69      0.00   ******       0.0000    0.0000
   1005.00      1302.63      0.00   ******       0.0000    0.0000
   1010.00      1302.57      0.00   ******       0.0000    0.0000
   1015.00      1302.52      0.00   ******       0.0000    0.0000
   1020.00      1302.46      0.00   ******       0.0000    0.0000
   1025.00      1302.40      0.00   ******       0.0000    0.0000
   1030.00      1302.34      0.00   ******       0.0000    0.0000
   1035.00      1302.29      0.00   ******       0.0000    0.0000
   1040.00      1302.23      0.00   ******       0.0000    0.0000
   1045.00      1302.18      0.00   ******       0.0000    0.0000
   1050.00      1302.13      0.00   ******       0.0000    0.0000
   1055.00      1302.08      0.00   ******       0.0000    0.0000
   1060.00      1302.02      0.00   ******       0.0000    0.0000
   1065.00      1301.97      0.00   ******       0.0000    0.0000
   1070.00      1301.92      0.00   ******       0.0000    0.0000
   1075.00      1301.88      0.00   ******       0.0000    0.0000
   1080.00      1301.83      0.00   ******       0.0000    0.0000
   1085.00      1301.78      0.00   ******       0.0000    0.0000
   1090.00      1301.73      0.00   ******       0.0000    0.0000
   1095.00      1301.69      0.00   ******       0.0000    0.0000
   1100.00      1301.64      0.00   ******       0.0000    0.0000
   1105.00      1301.60      0.00   ******       0.0000    0.0000
   1110.00      1301.55      0.00   ******       0.0000    0.0000
   1115.00      1301.51      0.00   ******       0.0000    0.0000
   1120.00      1301.47      0.00   ******       0.0000    0.0000
   1125.00      1301.42      0.00   ******       0.0000    0.0000
   1130.00      1301.38      0.00   ******       0.0000    0.0000
   1135.00      1301.34      0.00   ******       0.0000    0.0000
   1140.00      1301.30      0.00   ******       0.0000    0.0000
   1145.00      1301.26      0.00   ******       0.0000    0.0000
   1150.00      1301.23      0.00   ******       0.0000    0.0000
   1155.00      1301.19      0.00   ******       0.0000    0.0000
   1160.00      1301.15      0.00   ******       0.0000    0.0000
   1165.00      1301.12      0.00   ******       0.0000    0.0000
   1170.00      1301.08      0.00   ******       0.0000    0.0000
   1175.00      1301.04      0.00   ******       0.0000    0.0000
   1180.00      1301.01      0.00   ******       0.0000    0.0000
   1185.00      1300.98      0.00   ******       0.0000    0.0000
   1190.00      1300.94      0.00   ******       0.0000    0.0000
   1195.00      1300.91      0.00   ******       0.0000    0.0000
   1200.00      1300.88      0.00   ******       0.0000    0.0000
   1205.00      1300.85      0.00   ******       0.0000    0.0000
   1210.00      1300.82      0.00   ******       0.0000    0.0000
   1215.00      1300.79      0.00   ******       0.0000    0.0000
   1220.00      1300.76      0.00   ******       0.0000    0.0000
   1225.00      1300.73      0.00   ******       0.0000    0.0000
   1230.00      1300.70      0.00   ******       0.0000    0.0000
   1235.00      1300.68      0.00   ******       0.0000    0.0000
   1240.00      1300.65      0.00   ******       0.0000    0.0000
   1245.00      1300.62      0.00   ******       0.0000    0.0000
   1250.00      1300.60      0.00   ******       0.0000    0.0000
   1255.00      1300.57      0.00   ******       0.0000    0.0000
   1260.00      1300.55      0.00   ******       0.0000    0.0000
   1265.00      1300.52      0.00   ******       0.0000    0.0000
   1270.00      1300.50      0.00   ******       0.0000    0.0000
   1275.00      1300.48      0.00   ******       0.0000    0.0000
   1280.00      1300.46      0.00   ******       0.0000    0.0000
   1285.00      1300.43      0.00   ******       0.0000    0.0000
   1290.00      1300.41      0.00   ******       0.0000    0.0000
   1295.00      1300.39      0.00   ******       0.0000    0.0000
   1300.00      1300.37      0.00   ******       0.0000    0.0000
   1305.00      1300.35      0.00   ******       0.0000    0.0000
   1310.00      1300.34      0.00   ******       0.0000    0.0000
   1315.00      1300.32      0.00   ******       0.0000    0.0000
   1320.00      1300.30      0.00   ******       0.0000    0.0000
   1325.00      1300.28      0.00   ******       0.0000    0.0000
   1330.00      1300.27      0.00   ******       0.0000    0.0000
   1335.00      1300.25      0.00   ******       0.0000    0.0000
   1340.00      1300.23      0.00   ******       0.0000    0.0000
   1345.00      1300.22      0.00   ******       0.0000    0.0000
   1350.00      1300.21      0.00   ******       0.0000    0.0000
   1355.00      1300.19      0.00   ******       0.0000    0.0000
   1360.00      1300.18      0.00   ******       0.0000    0.0000
   1365.00      1300.16      0.00   ******       0.0000    0.0000
   1370.00      1300.15      0.00   ******       0.0000    0.0000
   1375.00      1300.14      0.00   ******       0.0000    0.0000
   1380.00      1300.13      0.00   ******       0.0000    0.0000
   1385.00      1300.12      0.00   ******       0.0000    0.0000
   1390.00      1300.11      0.00   ******       0.0000    0.0000
   1395.00      1300.10      0.00   ******       0.0000    0.0000
   1400.00      1300.09      0.00   ******       0.0000    0.0000
   1405.00      1300.08      0.00   ******       0.0000    0.0000
   1410.00      1300.07      0.00   ******       0.0000    0.0000
   1415.00      1300.06      0.00   ******       0.0000    0.0000
   1420.00      1300.06      0.00   ******       0.0000    0.0000
   1425.00      1300.05      0.00   ******       0.0000    0.0000
   1430.00      1300.04      0.00   ******       0.0000    0.0000
   1435.00      1300.04      0.00   ******       0.0000    0.0000
   1440.00      1300.03      0.00   ******       0.0000    0.0000
   1445.00      1300.03      0.00   ******       0.0000    0.0000
   1450.00      1300.02      0.00   ******       0.0000    0.0000
   1455.00      1300.02      0.00   ******       0.0000    0.0000
   1460.00      1300.01      0.00   ******       0.0000    0.0000
   1465.00      1300.01      0.00   ******       0.0000    0.0000
   1470.00      1300.01      0.00   ******       0.0000    0.0000
   1475.00      1300.01      0.00   ******       0.0000    0.0000
   1480.00      1300.00      0.00   ******       0.0000    0.0000
   1485.00      1300.00      0.00   ******       0.0000    0.0000
   1490.00      1300.00      0.00   ******       0.0000    0.0000
   1495.00      1300.00      0.00   ******       0.0000    0.0000
   1500.00      1300.00      0.00   ******       0.0000    0.0000
   1505.00      1300.00      0.00   ******       0.0000    0.0000
   1510.00      1300.00      0.00   ******       0.0000    0.0000
   1515.00      1300.00      0.00   ******       0.0000    0.0000
   1520.00      1300.00      0.00   ******       0.0000    0.0000
   1525.00      1300.01      0.00   ******       0.0000    0.0000
   1530.00      1300.01      0.00   ******       0.0000    0.0000
   1535.00      1300.01      0.00   ******       0.0000    0.0000
   1540.00      1300.01      0.00   ******       0.0000    0.0000
   1545.00      1300.02      0.00   ******       0.0000    0.0000
   1550.00      1300.02      0.00   ******       0.0000    0.0000
   1555.00      1300.03      0.00   ******       0.0000    0.0000
   1560.00      1300.03      0.00   ******       0.0000    0.0000
   1565.00      1300.03      0.00   ******       0.0000    0.0000
   1570.00      1300.04      0.00   ******       0.0000    0.0000
   1575.00      1300.05      0.00   ******       0.0000    0.0000
   1580.00      1300.05      0.00   ******       0.0000    0.0000
   1585.00      1300.06      0.00   ******       0.0000    0.0000
   1590.00      1300.07      0.00   ******       0.0000    0.0000
   1595.00      1300.07      0.00   ******       0.0000    0.0000
   1600.00      1300.08      0.00   ******       0.0000    0.0000
   1605.00      1300.09      0.00   ******       0.0000    0.0000
   1610.00      1300.10      0.00   ******       0.0000    0.0000
   1615.00      1300.11      0.00   ******       0.0000    0.0000
   1620.00      1300.12      0.00   ******       0.0000    0.0000
   1625.00      1300.13      0.00   ******       0.0000    0.0000
   1630.00      1300.14      0.00   ******       0.0000    0.0000
   1635.00      1300.15      0.00   ******       0.0000    0.0000
   1640.00      1300.16      0.00   ******       0.0000    0.0000
   1645.00      1300.17      0.00   ******       0.0000    0.0000
   1650.00      1300.18      0.00   ******       0.0000    0.0000
   1655.00      1300.19      0.00   ******       0.0000    0.0000
   1660.00      1300.20      0.00   ******       0.0000    0.0000
   1665.00      1300.22      0.00   ******       0.0000    0.0000
   1670.00      1300.23      0.00   ******       0.0000    0.0000
   1675.00      1300.24      0.00   ******       0.0000    0.0000
   1680.00      1300.26      0.00   ******       0.0000    0.0000
   1685.00      1300.27      0.00   ******       0.0000    0.0000
   1690.00      1300.28      0.00   ******       0.0000    0.0000
   1695.00      1300.30      0.00   ******       0.0000    0.0000
   1700.00      1300.31      0.00   ******       0.0000    0.0000
   1705.00      1300.33      0.00   ******       0.0000    0.0000
   1710.00      1300.34      0.00   ******       0.0000    0.0000
   1715.00      1300.36      0.00   ******       0.0000    0.0000
   1720.00      1300.37      0.00   ******       0.0000    0.0000
   1725.00      1300.39      0.00   ******       0.0000    0.0000
   1730.00      1300.41      0.00   ******       0.0000    0.0000
   1735.00      1300.42      0.00   ******       0.0000    0.0000
   1740.00      1300.44      0.00   ******       0.0000    0.0000
   1745.00      1300.46      0.00   ******       0.0000    0.0000
   1750.00      1300.48      0.00   ******       0.0000    0.0000
   1755.00      1300.50      0.00   ******       0.0000    0.0000
   1760.00      1300.51      0.00   ******       0.0000    0.0000
   1765.00      1300.53      0.00   ******       0.0000    0.0000
   1770.00      1300.55      0.00   ******       0.0000    0.0000
   1775.00      1300.57      0.00   ******       0.0000    0.0000
   1780.00      1300.59      0.00   ******       0.0000    0.0000
   1785.00      1300.61      0.00   ******       0.0000    0.0000
   1790.00      1300.63      0.00   ******       0.0000    0.0000
   1795.00      1300.65      0.00   ******       0.0000    0.0000
   1800.00      1300.67      0.00   ******       0.0000    0.0000
   1805.00      1300.69      0.00   ******       0.0000    0.0000
   1810.00      1300.72      0.00   ******       0.0000    0.0000
   1815.00      1300.74      0.00   ******       0.0000    0.0000
   1820.00      1300.76      0.00   ******       0.0000    0.0000
   1825.00      1300.78      0.00   ******       0.0000    0.0000
   1830.00      1300.81      0.00   ******       0.0000    0.0000
   1835.00      1300.83      0.00   ******       0.0000    0.0000
   1840.00      1300.85      0.00   ******       0.0000    0.0000
   1845.00      1300.87      0.00   ******       0.0000    0.0000
   1850.00      1300.90      0.00   ******       0.0000    0.0000
   1855.00      1300.92      0.00   ******       0.0000    0.0000
   1860.00      1300.95      0.00   ******       0.0000    0.0000
   1865.00      1300.97      0.00   ******       0.0000    0.0000
   1870.00      1301.00      0.00   ******       0.0000    0.0000
   1875.00      1301.02      0.00   ******       0.0000    0.0000
   1880.00      1301.05      0.00   ******       0.0000    0.0000
   1885.00      1301.07      0.00   ******       0.0000    0.0000
   1890.00      1301.10      0.00   ******       0.0000    0.0000
   1895.00      1301.12      0.00   ******       0.0000    0.0000
   1900.00      1301.15      0.00   ******       0.0000    0.0000
   1905.00      1301.18      0.00   ******       0.0000    0.0000
   1910.00      1301.20      0.00   ******       0.0000    0.0000
   1915.00      1301.23      0.00   ******       0.0000    0.0000
   1920.00      1301.26      0.00   ******       0.0000    0.0000
   1925.00      1301.28      0.00   ******       0.0000    0.0000
   1930.00      1301.31      0.00   ******       0.0000    0.0000
   1935.00      1301.34      0.00   ******       0.0000    0.0000
   1940.00      1301.37      0.00   ******       0.0000    0.0000
   1945.00      1301.40      0.00   ******       0.0000    0.0000
   1950.00      1301.43      0.00   ******       0.0000    0.0000
   1955.00      1301.45      0.00   ******       0.0000    0.0000
   1960.00      1301.48      0.00   ******       0.0000    0.0000
   1965.00      1301.51      0.00   ******       0.0000    0.0000
   1970.00      1301.54      0.00   ******       0.0000    0.0000
   1975.00      1301.57      0.00   ******       0.0000    0.0000
   1980.00      1301.60      0.00   ******       0.0000    0.0000
   1985.00      1301.63      0.00   ******       0.0000    0.0000
   1990.00      1301.66      0.00   ******       0.0000    0.0000
   1995.00      1301.69      0.00   ******       0.0000    0.0000
   2000.00      1301.73      0.00   ******       0.0000    0.0000
   2005.00      1301.76      0.00   ******       0.0000    0.0000
   2010.00      1301.79      0.00   ******       0.0000    0.0000
   2015.00      1301.82      0.00   ******       0.0000    0.0000
   2020.00      1301.85      0.00   ******       0.0000    0.0000
   2025.00      1301.88      0.00   ******       0.0000    0.0000
   2030.00      1301.92      0.00   ******       0.0000    0.0000
   2035.00      1301.95      0.00   ******       0.0000    0.0000
   2040.00      1301.98      0.00   ******       0.0000    0.0000
   2045.00      1302.01      0.00   ******       0.0000    0.0000
   2050.00      1302.05      0.00   ******       0.0000    0.0000
   2055.00      1302.08      0.00   ******       0.0000    0.0000
   2060.00      1302.11      0.00   ******       0.0000    0.0000
   2065.00      1302.15      0.00   ******       0.0000    0.0000
   2070.00      1302.18      0.00   ******       0.0000    0.0000
   2075.00      1302.22      0.00   ******       0.0000    0.0000
   2080.00      1302.25      0.00   ******       0.0000    0.0000
   2085.00      1302.28      0.00   ******       0.0000    0.0000
   2090.00      1302.32      0.00   ******       0.0000    0.0000
   2095.00      1302.35      0.00   ******       0.0000    0.0000
   2100.00      1302.39      0.00   ******       0.0000    0.0000
   2105.00      1302.42      0.00   ******       0.0000    0.0000
   2110.00      1302.46      0.00   ******       0.0000    0.0000
   2115.00      1302.50      0.00   ******       0.0000    0.0000
   2120.00      1302.53      0.00   ******       0.0000    0.0000
   2125.00      1302.57      0.00   ******       0.0000    0.0000
   2130.00      1302.60      0.00   ******       0.0000    0.0000
   2135.00      1302.64      0.00   ******       0.0000    0.0000
   2140.00      1302.68      0.00   ******       0.0000    0.0000
   2145.00      1302.71      0.00   ******       0.0000    0.0000
   2150.00      1302.75      0.00   ******       0.0000    0.0000
   2155.00      1302.79      0.00   ******       0.0000    0.0000
   2160.00      1302.82      0.00   ******       0.0000    0.0000
   2165.00      1302.86      0.00   ******       0.0000    0.0000
   2170.00      1302.90      0.00   ******       0.0000    0.0000
   2175.00      1302.94      0.00   ******       0.0000    0.0000
   2180.00      1302.98      0.00   ******       0.0000    0.0000
   2185.00      1303.01      0.00   ******       0.0000    0.0000
   2190.00      1303.05      0.00   ******       0.0000    0.0000
   2195.00      1303.09      0.00   ******       0.0000    0.0000
   2200.00      1303.13      0.00   ******       0.0000    0.0000
   2205.00      1303.17      0.00   ******       0.0000    0.0000
   2210.00      1303.21      0.00   ******       0.0000    0.0000
   2215.00      1303.25      0.00   ******       0.0000    0.0000
   2220.00      1303.29      0.00   ******       0.0000    0.0000
   2225.00      1303.32      0.00   ******       0.0000    0.0000
   2230.00      1303.36      0.00   ******       0.0000    0.0000
   2235.00      1303.40      0.00   ******       0.0000    0.0000
   2240.00      1303.44      0.00   ******       0.0000    0.0000
   2245.00      1303.48      0.00   ******       0.0000    0.0000
   2250.00      1303.52      0.00   ******       0.0000    0.0000
   2255.00      1303.57      0.00   ******       0.0000    0.0000
   2260.00      1303.61      0.00   ******       0.0000    0.0000
   2265.00      1303.65      0.00   ******       0.0000    0.0000
   2270.00      1303.69      0.00   ******       0.0000    0.0000
   2275.00      1303.73      0.00   ******       0.0000    0.0000
   2280.00      1303.77      0.00   ******       0.0000    0.0000
   2285.00      1303.81      0.00   ******       0.0000    0.0000
   2290.00      1303.85      0.00   ******       0.0000    0.0000
   2295.00      1303.89      0.00   ******       0.0000    0.0000
   2300.00      1303.94      0.00   ******       0.0000    0.0000
   2305.00      1303.98      0.00   ******       0.0000    0.0000
   2310.00      1304.02      0.00   ******       0.0000    0.0000
   2315.00      1304.06      0.00   ******       0.0000    0.0000
   2320.00      1304.10      0.00   ******       0.0000    0.0000
   2325.00      1304.15      0.00   ******       0.0000    0.0000
   2330.00      1304.19      0.00   ******       0.0000    0.0000
   2335.00      1304.23      0.00   ******       0.0000    0.0000
   2340.00      1304.28      0.00   ******       0.0000    0.0000
   2345.00      1304.32      0.00   ******       0.0000    0.0000
   2350.00      1304.36      0.00   ******       0.0000    0.0000
   2355.00      1304.41      0.00   ******       0.0000    0.0000
   2360.00      1304.45      0.00   ******       0.0000    0.0000
   2365.00      1304.49      0.00   ******       0.0000    0.0000
   2370.00      1304.54      0.00   ******       0.0000    0.0000
   2375.00      1304.58      0.00   ******       0.0000    0.0000
   2380.00      1304.62      0.00   ******       0.0000    0.0000
   2385.00      1304.67      0.00   ******       0.0000    0.0000
   2390.00      1304.71      0.00   ******       0.0000    0.0000
   2395.00      1304.76      0.00   ******       0.0000    0.0000
   2400.00      1304.80      0.00   ******       0.0000    0.0000
   2405.00      1304.85      0.00   ******       0.0000    0.0000
   2410.00      1304.89      0.00   ******       0.0000    0.0000
   2415.00      1304.94      0.00   ******       0.0000    0.0000
   2420.00      1304.98      0.00   ******       0.0000    0.0000
   2425.00      1305.03      0.00   ******       0.0000    0.0000
   2430.00      1305.07      0.00   ******       0.0000    0.0000
   2435.00      1305.12      0.00   ******       0.0000    0.0000
   2440.00      1305.16      0.00   ******       0.0000    0.0000
   2445.00      1305.21      0.00   ******       0.0000    0.0000
   2450.00      1305.25      0.00   ******       0.0000    0.0000
   2455.00      1305.30      0.00   ******       0.0000    0.0000
   2460.00      1305.35      0.00   ******       0.0000    0.0000
   2465.00      1305.39      0.00   ******       0.0000    0.0000
   2470.00      1305.44      0.00   ******       0.0000    0.0000
   2475.00      1305.49      0.00   ******       0.0000    0.0000
   2480.00      1305.53      0.00   ******       0.0000    0.0000
   2485.00      1305.58      0.00   ******       0.0000    0.0000
   2490.00      1305.63      0.00   ******       0.0000    0.0000
   2495.00      1305.67      0.00   ******       0.0000    0.0000
   2500.00      1305.72      0.00   ******       0.0000    0.0000
   2505.00      1305.77      0.00   ******       0.0000    0.0000
   2510.00      1305.81      0.00   ******       0.0000    0.0000
   2515.00      1305.86      0.00   ******       0.0000    0.0000
   2520.00      1305.91      0.00   ******       0.0000    0.0000
   2525.00      1305.96      0.00   ******       0.0000    0.0000
   2530.00      1306.00      0.00   ******       0.0000    0.0000
   2535.00      1306.05      0.00   ******       0.0000    0.0000
   2540.00      1306.10      0.00   ******       0.0000    0.0000
   2545.00      1306.15      0.00   ******       0.0000    0.0000
   2550.00      1306.20      0.00   ******       0.0000    0.0000
   2555.00      1306.24      0.00   ******       0.0000    0.0000
   2560.00      1306.29      0.00   ******       0.0000    0.0000
   2565.00      1306.34      0.00   ******       0.0000    0.0000
   2570.00      1306.39      0.00   ******       0.0000    0.0000
   2575.00      1306.44      0.00   ******       0.0000    0.0000
   2580.00      1306.49      0.00   ******       0.0000    0.0000
   2585.00      1306.53      0.00   ******       0.0000    0.0000
   2590.00      1306.58      0.00   ******       0.0000    0.0000
   2595.00      1306.63      0.00   ******       0.0000    0.0000
   2600.00      1306.68      0.00   ******       0.0000    0.0000
   2605.00      1306.73      0.00   ******       0.0000    0.0000
   2610.00      1306.78      0.00   ******       0.0000    0.0000
   2615.00      1306.83      0.00   ******       0.0000    0.0000
   2620.00      1306.88      0.00   ******       0.0000    0.0000
   2625.00      1306.93      0.00   ******       0.0000    0.0000
   2630.00      1306.98      0.00   ******       0.0000    0.0000
   2635.00      1307.03      0.00   ******       0.0000    0.0000
   2640.00      1307.08      0.00   ******       0.0000    0.0000
   2645.00      1307.13      0.00   ******       0.0000    0.0000
   2650.00      1307.18      0.00   ******       0.0000    0.0000
   2655.00      1307.23      0.00   ******       0.0000    0.0000
   2660.00      1307.28      0.00   ******       0.0000    0.0000
   2665.00      1307.33      0.00   ******       0.0000    0.0000
   2670.00      1307.38      0.00   ******       0.0000    0.0000
   2675.00      1307.43      0.00   ******       0.0000    0.0000
   2680.00      1307.48      0.00   ******       0.0000    0.0000
   2685.00      1307.53      0.00   ******       0.0000    0.0000
   2690.00      1307.58      0.00   ******       0.0000    0.0000
   2695.00      1307.63      0.00   ******       0.0000    0.0000
   2700.00      1307.68      0.00   ******       0.0000    0.0000
   2705.00      1307.73      0.00   ******       0.0000    0.0000
   2710.00      1307.79      0.00   ******       0.0000    0.0000
   2715.00      1307.84      0.00   ******       0.0000    0.0000
   2720.00      1307.89      0.00   ******       0.0000    0.0000
   2725.00      1307.94      0.00   ******       0.0000    0.0000
   2730.00      1307.99      0.00   ******       0.0000    0.0000
   2735.00      1308.04      0.00   ******       0.0000    0.0000
   2740.00      1308.09      0.00   ******       0.0000    0.0000
   2745.00      1308.15      0.00   ******       0.0000    0.0000
   2750.00      1308.20      0.00   ******       0.0000    0.0000
   2755.00      1308.25      0.00   ******       0.0000    0.0000
   2760.00      1308.30      0.00   ******       0.0000    0.0000
   2765.00      1308.35      0.00   ******       0.0000    0.0000
   2770.00      1308.40      0.00   ******       0.0000    0.0000
   2775.00      1308.46      0.00   ******       0.0000    0.0000
   2780.00      1308.51      0.00   ******       0.0000    0.0000
   2785.00      1308.56      0.00   ******       0.0000    0.0000
   2790.00      1308.61      0.00   ******       0.0000    0.0000
   2795.00      1308.67      0.00   ******       0.0000    0.0000
   2800.00      1308.72      0.00   ******       0.0000    0.0000
   2805.00      1308.77      0.00   ******       0.0000    0.0000
   2810.00      1308.82      0.00   ******       0.0000    0.0000
   2815.00      1308.88      0.00   ******       0.0000    0.0000
   2820.00      1308.93      0.00   ******       0.0000    0.0000
   2825.00      1308.98      0.00   ******       0.0000    0.0000
   2830.00      1309.04      0.00   ******       0.0000    0.0000
   2835.00      1309.09      0.00   ******       0.0000    0.0000
   2840.00      1309.14      0.00   ******       0.0000    0.0000
   2845.00      1309.20      0.00   ******       0.0000    0.0000
   2850.00      1309.25      0.00   ******       0.0000    0.0000
   2855.00      1309.30      0.00   ******       0.0000    0.0000
   2860.00      1309.36      0.00   ******       0.0000    0.0000
   2865.00      1309.41      0.00   ******       0.0000    0.0000
   2870.00      1309.46      0.00   ******       0.0000    0.0000
   2875.00      1309.52      0.00   ******       0.0000    0.0000
   2880.00      1309.57      0.00   ******       0.0000    0.0000
   2885.00      1309.62      0.00   ******       0.0000    0.0000
   2890.00      1309.68      0.00   ******       0.0000    0.0000
   2895.00      1309.73      0.00   ******       0.0000    0.0000
   2900.00      1309.79      0.00   ******       0.0000    0.0000
   2905.00      1309.84      0.00   ******       0.0000    0.0000
   2910.00      1309.89      0.00   ******       0.0000    0.0000
   2915.00      1309.95      0.00   ******       0.0000    0.0000
   2920.00      1310.00      0.00   ******       0.0000    0.0000
   2925.00      1310.06      0.00   ******       0.0000    0.0000
   2930.00      1310.11      0.00   ******       0.0000    0.0000
   2935.00      1310.16      0.00   ******       0.0000    0.0000
   2940.00      1310.22      0.00   ******       0.0000    0.0000
   2945.00      1310.27      0.00   ******       0.0000    0.0000
   2950.00      1310.33      0.00   ******       0.0000    0.0000
   2955.00      1310.38      0.00   ******       0.0000    0.0000
   2960.00      1310.44      0.00   ******       0.0000    0.0000
   2965.00      1310.49      0.00   ******       0.0000    0.0000
   2970.00      1310.55      0.00   ******       0.0000    0.0000
   2975.00      1310.60      0.00   ******       0.0000    0.0000
   2980.00      1310.66      0.00   ******       0.0000    0.0000
   2985.00      1310.71      0.00   ******       0.0000    0.0000
   2990.00      1310.77      0.00   ******       0.0000    0.0000
   2995.00      1310.82      0.00   ******       0.0000    0.0000
   3000.00      1310.88      0.00   ******       0.0000    0.0000
   3005.00      1310.93      0.00   ******       0.0000    0.0000
   3010.00      1310.99      0.00   ******       0.0000    0.0000
   3015.00      1311.04      0.00   ******       0.0000    0.0000
   3020.00      1311.10      0.00   ******       0.0000    0.0000
   3025.00      1311.15      0.00   ******       0.0000    0.0000
   3030.00      1311.21      0.00   ******       0.0000    0.0000
   3035.00      1311.27      0.00   ******       0.0000    0.0000
   3040.00      1311.32      0.00   ******       0.0000    0.0000
   3045.00      1311.38      0.00   ******       0.0000    0.0000
   3050.00      1311.43      0.00   ******       0.0000    0.0000
   3055.00      1311.49      0.00   ******       0.0000    0.0000
   3060.00      1311.54      0.00   ******       0.0000    0.0000
   3065.00      1311.60      0.00   ******       0.0000    0.0000
   3070.00      1311.66      0.00   ******       0.0000    0.0000
   3075.00      1311.71      0.00   ******       0.0000    0.0000
   3080.00      1311.77      0.00   ******       0.0000    0.0000
   3085.00      1311.82      0.00   ******       0.0000    0.0000
   3090.00      1311.88      0.00   ******       0.0000    0.0000
   3095.00      1311.94      0.00   ******       0.0000    0.0000
   3100.00      1311.99      0.00   ******       0.0000    0.0000
   3105.00      1312.05      0.00   ******       0.0000    0.0000
   3110.00      1312.11      0.00   ******       0.0000    0.0000
   3115.00      1312.16      0.00   ******       0.0000    0.0000
   3120.00      1312.22      0.00   ******       0.0000    0.0000
   3125.00      1312.28      0.00   ******       0.0000    0.0000
   3130.00      1312.33      0.00   ******       0.0000    0.0000
   3135.00      1312.39      0.00   ******       0.0000    0.0000
   3140.00      1312.45      0.00   ******       0.0000    0.0000
   3145.00      1312.50      0.00   ******       0.0000    0.0000
   3150.00      1312.56      0.00   ******       0.0000    0.0000
   3155.00      1312.62      0.00   ******       0.0000    0.0000
   3160.00      1312.67      0.00   ******       0.0000    0.0000
   3165.00      1312.73      0.00   ******       0.0000    0.0000
   3170.00      1312.79      0.00   ******       0.0000    0.0000
   3175.00      1312.84      0.00   ******       0.0000    0.0000
   3180.00      1312.90      0.00   ******       0.0000    0.0000
   3185.00      1312.96      0.00   ******       0.0000    0.0000
   3190.00      1313.01      0.00   ******       0.0000    0.0000
   3195.00      1313.07      0.00   ******       0.0000    0.0000
   3200.00      1313.13      0.00   ******       0.0000    0.0000
   3205.00      1313.19      0.00   ******       0.0000    0.0000
   3210.00      1313.24      0.00   ******       0.0000    0.0000
   3215.00      1313.30      0.00   ******       0.0000    0.0000
   3220.00      1313.36      0.00   ******       0.0000    0.0000
   3225.00      1313.42      0.00   ******       0.0000    0.0000
   3230.00      1313.47      0.00   ******       0.0000    0.0000
   3235.00      1313.53      0.00   ******       0.0000    0.0000
   3240.00      1313.59      0.00   ******       0.0000    0.0000
   3245.00      1313.65      0.00   ******       0.0000    0.0000
   3250.00      1313.70      0.00   ******       0.0000    0.0000
   3255.00      1313.76      0.00   ******       0.0000    0.0000
   3260.00      1313.82      0.00   ******       0.0000    0.0000
   3265.00      1313.88      0.00   ******       0.0000    0.0000
   3270.00      1313.93      0.00   ******       0.0000    0.0000
   3275.00      1313.99      0.00   ******       0.0000    0.0000
   3280.00      1314.05      0.00   ******       0.0000    0.0000
   3285.00      1314.11      0.00   ******       0.0000    0.0000
   3290.00      1314.17      0.00   ******       0.0000    0.0000
   3295.00      1314.22      0.00   ******       0.0000    0.0000
   3300.00      1314.28      0.00   ******       0.0000    0.0000
   3305.00      1314.34      0.00   ******       0.0000    0.0000
   3310.00      1314.40      0.00   ******       0.0000    0.0000
   3315.00      1314.46      0.00   ******       0.0000    0.0000
   3320.00      1314.52      0.00   ******       0.0000    0.0000
   3325.00      1314.57      0.00   ******       0.0000    0.0000
   3330.00      1314.63      0.00   ******       0.0000    0.0000
   3335.00      1314.69      0.00   ******       0.0000    0.0000
   3340.00      1314.75      0.00   ******       0.0000    0.0000
   3345.00      1314.81      0.00   ******       0.0000    0.0000
   3350.00      1314.87      0.00   ******       0.0000    0.0000
   3355.00      1314.92      0.00   ******       0.0000    0.0000
   3360.00      1314.98      0.00   ******       0.0000    0.0000
   3365.00      1315.04      0.00   ******       0.0000    0.0000
   3370.00      1315.10      0.00   ******       0.0000    0.0000
   3375.00      1315.16      0.00   ******       0.0000    0.0000
   3380.00      1315.22      0.00   ******       0.0000    0.0000
   3385.00      1315.28      0.00   ******       0.0000    0.0000
   3390.00      1315.33      0.00   ******       0.0000    0.0000
   3395.00      1315.39      0.00   ******       0.0000    0.0000
   3400.00      1315.45      0.00   ******       0.0000    0.0000
   3405.00      1315.51      0.00   ******       0.0000    0.0000
   3410.00      1315.57      0.00   ******       0.0000    0.0000
   3415.00      1315.63      0.00   ******       0.0000    0.0000
   3420.00      1315.69      0.00   ******       0.0000    0.0000
   3425.00      1315.75      0.00   ******       0.0000    0.0000
   3430.00      1315.80      0.00   ******       0.0000    0.0000
   3435.00      1315.86      0.00   ******       0.0000    0.0000
   3440.00      1315.92      0.00   ******       0.0000    0.0000
   3445.00      1315.98      0.00   ******       0.0000    0.0000
   3450.00      1316.04      0.00   ******       0.0000    0.0000
   3455.00      1316.10      0.00   ******       0.0000    0.0000
   3460.00      1316.16      0.00   ******       0.0000    0.0000
   3465.00      1316.22      0.00   ******       0.0000    0.0000
   3470.00      1316.28      0.00   ******       0.0000    0.0000
   3475.00      1316.34      0.00   ******       0.0000    0.0000
   3480.00      1316.40      0.00   ******       0.0000    0.0000
   3485.00      1316.46      0.00   ******       0.0000    0.0000
   3490.00      1316.52      0.00   ******       0.0000    0.0000
   3495.00      1316.57      0.00   ******       0.0000    0.0000
   3500.00      1316.63      0.00   ******       0.0000    0.0000
   3505.00      1316.69      0.00   ******       0.0000    0.0000
   3510.00      1316.75      0.00   ******       0.0000    0.0000
   3515.00      1316.81      0.00   ******       0.0000    0.0000
   3520.00      1316.87      0.00   ******       0.0000    0.0000
   3525.00      1316.93      0.00   ******       0.0000    0.0000
   3530.00      1316.99      0.00   ******       0.0000    0.0000
   3535.00      1317.05      0.00   ******       0.0000    0.0000
   3540.00      1317.11      0.00   ******       0.0000    0.0000
   3545.00      1317.17      0.00   ******       0.0000    0.0000
   3550.00      1317.23      0.00   ******       0.0000    0.0000
   3555.00      1317.29      0.00   ******       0.0000    0.0000
   3560.00      1317.35      0.00   ******       0.0000    0.0000
   3565.00      1317.41      0.00   ******       0.0000    0.0000
   3570.00      1317.47      0.00   ******       0.0000    0.0000
   3575.00      1317.53      0.00   ******       0.0000    0.0000
   3580.00      1317.59      0.00   ******       0.0000    0.0000
   3585.00      1317.65      0.00   ******       0.0000    0.0000
   3590.00      1317.71      0.00   ******       0.0000    0.0000
   3595.00      1317.77      0.00   ******       0.0000    0.0000
   3600.00      1317.83      0.00   ******       0.0000    0.0000
   3605.00      1317.89      0.00   ******       0.0000    0.0000
   3610.00      1317.95      0.00   ******       0.0000    0.0000
   3615.00      1318.01      0.00   ******       0.0000    0.0000
   3620.00      1318.07      0.00   ******       0.0000    0.0000
   3625.00      1318.13      0.00   ******       0.0000    0.0000
   3630.00      1318.19      0.00   ******       0.0000    0.0000
   3635.00      1318.25      0.00   ******       0.0000    0.0000
   3640.00      1318.31      0.00   ******       0.0000    0.0000
   3645.00      1318.37      0.00   ******       0.0000    0.0000
   3650.00      1318.43      0.00   ******       0.0000    0.0000
   3655.00      1318.49      0.00   ******       0.0000    0.0000
   3660.00      1318.55      0.00   ******       0.0000    0.0000
   3665.00      1318.61      0.00   ******       0.0000    0.0000
   3670.00      1318.67      0.00   ******       0.0000    0.0000
   3675.00      1318.73      0.00   ******       0.0000    0.0000
   3680.00      1318.79      0.00   ******       0.0000    0.0000
   3685.00      1318.85      0.00   ******       0.0000    0.0000
   3690.00      1318.91      0.00   ******       0.0000    0.0000
   3695.00      1318.97      0.00   ******       0.0000    0.0000
   3700.00      1319.03      0.00   ******       0.0000    0.0000
   3705.00      1319.09      0.00   ******       0.0000    0.0000
   3710.00      1319.15      0.00   ******       0.0000    0.0000
   3715.00      1319.21      0.00   ******       0.0000    0.0000
   3720.00      1319.28      0.00   ******       0.0000    0.0000
   3725.00      1319.34      0.00   ******       0.0000    0.0000
   3730.00      1319.40      0.00   ******       0.0000    0.0000
   3735.00      1319.46      0.00   ******       0.0000    0.0000
   3740.00      1319.52      0.00   ******       0.0000    0.0000
   3745.00      1319.58      0.00   ******       0.0000    0.0000
   3750.00      1319.64      0.00   ******       0.0000    0.0000
   3755.00      1319.70      0.00   ******       0.0000    0.0000
   3760.00      1319.76      0.00   ******       0.0000    0.0000
   3765.00      1319.82      0.00   ******       0.0000    0.0000
   3770.00      1319.88      0.00   ******       0.0000    0.0000
   3775.00      1319.94      0.00   ******       0.0000    0.0000
   3780.00      1320.00      0.00   ******       0.0000    0.0000
   3785.00      1320.06      0.00   ******       0.0000    0.0000
   3790.00      1320.13      0.00   ******       0.0000    0.0000
   3795.00      1320.19      0.00   ******       0.0000    0.0000
   3800.00      1320.25      0.00   ******       0.0000    0.0000
   3805.00      1320.31      0.00   ******       0.0000    0.0000
   3810.00      1320.37      0.00   ******       0.0000    0.0000
   3815.00      1320.43      0.00   ******       0.0000    0.0000
   3820.00      1320.49      0.00   ******       0.0000    0.0000
   3825.00      1320.55      0.00   ******       0.0000    0.0000
   3830.00      1320.61      0.00   ******       0.0000    0.0000
   3835.00      1320.67      0.00   ******       0.0000    0.0000
   3840.00      1320.73      0.00   ******       0.0000    0.0000
   3845.00      1320.80      0.00   ******       0.0000    0.0000
   3850.00      1320.86      0.00   ******       0.0000    0.0000
   3855.00      1320.92      0.00   ******       0.0000    0.0000
   3860.00      1320.98      0.00   ******       0.0000    0.0000
   3865.00      1321.04      0.00   ******       0.0000    0.0000
   3870.00      1321.10      0.00   ******       0.0000    0.0000
   3875.00      1321.16      0.00   ******       0.0000    0.0000
   3880.00      1321.22      0.00   ******       0.0000    0.0000
   3885.00      1321.29      0.00   ******       0.0000    0.0000
   3890.00      1321.35      0.00   ******       0.0000    0.0000
   3895.00      1321.41      0.00   ******       0.0000    0.0000
   3900.00      1321.47      0.00   ******       0.0000    0.0000
   3905.00      1321.53      0.00   ******       0.0000    0.0000
   3910.00      1321.59      0.00   ******       0.0000    0.0000
   3915.00      1321.65      0.00   ******       0.0000    0.0000
   3920.00      1321.71      0.00   ******       0.0000    0.0000
   3925.00      1321.78      0.00   ******       0.0000    0.0000
   3930.00      1321.84      0.00   ******       0.0000    0.0000
   3935.00      1321.90      0.00   ******       0.0000    0.0000
   3940.00      1321.96      0.00   ******       0.0000    0.0000
   3945.00      1322.02      0.00   ******       0.0000    0.0000
   3950.00      1322.08      0.00   ******       0.0000    0.0000
   3955.00      1322.14      0.00   ******       0.0000    0.0000
   3960.00      1322.21      0.00   ******       0.0000    0.0000
   3965.00      1322.27      0.00   ******       0.0000    0.0000
   3970.00      1322.33      0.00   ******       0.0000    0.0000
   3975.00      1322.39      0.00   ******       0.0000    0.0000
   3980.00      1322.45      0.00   ******       0.0000    0.0000
   3985.00      1322.51      0.00   ******       0.0000    0.0000
   3990.00      1322.57      0.00   ******       0.0000    0.0000
   3995.00      1322.64      0.00   ******       0.0000    0.0000
   4000.00      1322.70      0.00   ******       0.0000    0.0000
   4005.00      1322.76      0.00   ******       0.0000    0.0000
   4010.00      1322.82      0.00   ******       0.0000    0.0000
   4015.00      1322.88      0.00   ******       0.0000    0.0000
   4020.00      1322.94      0.00   ******       0.0000    0.0000
   4025.00      1323.01      0.00   ******       0.0000    0.0000
   4030.00      1323.07      0.00   ******       0.0000    0.0000
   4035.00      1323.13      0.00   ******       0.0000    0.0000
   4040.00      1323.19      0.00   ******       0.0000    0.0000
   4045.00      1323.25      0.00   ******       0.0000    0.0000
   4050.00      1323.31      0.00   ******       0.0000    0.0000
   4055.00      1323.38      0.00   ******       0.0000    0.0000
   4060.00      1323.44      0.00   ******       0.0000    0.0000
   4065.00      1323.50      0.00   ******       0.0000    0.0000
   4070.00      1323.56      0.00   ******       0.0000    0.0000
   4075.00      1323.62      0.00   ******       0.0000    0.0000
   4080.00      1323.68      0.00   ******       0.0000    0.0000
   4085.00      1323.75      0.00   ******       0.0000    0.0000
   4090.00      1323.81      0.00   ******       0.0000    0.0000
   4095.00      1323.87      0.00   ******       0.0000    0.0000
   4100.00      1323.93      0.00   ******       0.0000    0.0000
   4105.00      1323.99      0.00   ******       0.0000    0.0000
   4110.00      1324.06      0.00   ******       0.0000    0.0000
   4115.00      1324.12      0.00   ******       0.0000    0.0000
   4120.00      1324.18      0.00   ******       0.0000    0.0000
   4125.00      1324.24      0.00   ******       0.0000    0.0000
   4130.00      1324.30      0.00   ******       0.0000    0.0000
   4135.00      1324.37      0.00   ******       0.0000    0.0000
   4140.00      1324.43      0.00   ******       0.0000    0.0000
   4145.00      1324.49      0.00   ******       0.0000    0.0000
   4150.00      1324.55      0.00   ******       0.0000    0.0000
   4155.00      1324.61      0.00   ******       0.0000    0.0000
   4160.00      1324.68      0.00   ******       0.0000    0.0000
   4165.00      1324.74      0.00   ******       0.0000    0.0000
   4170.00      1324.80      0.00   ******       0.0000    0.0000
   4175.00      1324.86      0.00   ******       0.0000    0.0000
   4180.00      1324.92      0.00   ******       0.0000    0.0000
   4185.00      1324.99      0.00   ******       0.0000    0.0000
   4190.00      1325.05      0.00   ******       0.0000    0.0000
   4195.00      1325.11      0.00   ******       0.0000    0.0000
   4200.00      1325.17      0.00   ******       0.0000    0.0000
   4205.00      1325.23      0.00   ******       0.0000    0.0000
   4210.00      1325.30      0.00   ******       0.0000    0.0000
   4215.00      1325.36      0.00   ******       0.0000    0.0000
   4220.00      1325.42      0.00   ******       0.0000    0.0000
   4225.00      1325.48      0.00   ******       0.0000    0.0000
   4230.00      1325.55      0.00   ******       0.0000    0.0000
   4235.00      1325.61      0.00   ******       0.0000    0.0000
   4240.00      1325.67      0.00   ******       0.0000    0.0000
   4245.00      1325.73      0.00   ******       0.0000    0.0000
   4250.00      1325.79      0.00   ******       0.0000    0.0000
   4255.00      1325.86      0.00   ******       0.0000    0.0000
   4260.00      1325.92      0.00   ******       0.0000    0.0000
   4265.00      1325.98      0.00   ******       0.0000    0.0000
   4270.00      1326.04      0.00   ******       0.0000    0.0000
   4275.00      1326.11      0.00   ******       0.0000    0.0000
   4280.00      1326.17      0.00   ******       0.0000    0.0000
   4285.00      1326.23      0.00   ******       0.0000    0.0000
   4290.00      1326.29      0.00   ******       0.0000    0.0000
   4295.00      1326.35      0.00   ******       0.0000    0.0000
   4300.00      1326.42      0.00   ******       0.0000    0.0000
   4305.00      1326.48      0.00   ******       0.0000    0.0000
   4310.00      1326.54      0.00   ******       0.0000    0.0000
   4315.00      1326.60      0.00   ******       0.0000    0.0000
   4320.00      1326.67      0.00   ******       0.0000    0.0000
   4325.00      1326.73      0.00   ******       0.0000    0.0000
   4330.00      1326.79      0.00   ******       0.0000    0.0000
   4335.00      1326.85      0.00   ******       0.0000    0.0000
   4340.00      1326.92      0.00   ******       0.0000    0.0000
   4345.00      1326.98      0.00   ******       0.0000    0.0000
   4350.00      1327.04      0.00   ******       0.0000    0.0000
   4355.00      1327.10      0.00   ******       0.0000    0.0000
   4360.00      1327.17      0.00   ******       0.0000    0.0000
   4365.00      1327.23      0.00   ******       0.0000    0.0000
   4370.00      1327.29      0.00   ******       0.0000    0.0000
   4375.00      1327.35      0.00   ******       0.0000    0.0000
   4380.00      1327.42      0.00   ******       0.0000    0.0000
   4385.00      1327.48      0.00   ******       0.0000    0.0000
   4390.00      1327.54      0.00   ******       0.0000    0.0000
   4395.00      1327.60      0.00   ******       0.0000    0.0000
   4400.00      1327.67      0.00   ******       0.0000    0.0000
   4405.00      1327.73      0.00   ******       0.0000    0.0000
   4410.00      1327.79      0.00   ******       0.0000    0.0000
   4415.00      1327.85      0.00   ******       0.0000    0.0000
   4420.00      1327.92      0.00   ******       0.0000    0.0000
   4425.00      1327.98      0.00   ******       0.0000    0.0000
   4430.00      1328.04      0.00   ******       0.0000    0.0000
   4435.00      1328.10      0.00   ******       0.0000    0.0000
   4440.00      1328.17      0.00   ******       0.0000    0.0000
   4445.00      1328.23      0.00   ******       0.0000    0.0000
   4450.00      1328.29      0.00   ******       0.0000    0.0000
   4455.00      1328.35      0.00   ******       0.0000    0.0000
   4460.00      1328.42      0.00   ******       0.0000    0.0000
   4465.00      1328.48      0.00   ******       0.0000    0.0000
   4470.00      1328.54      0.00   ******       0.0000    0.0000
   4475.00      1328.61      0.00   ******       0.0000    0.0000
   4480.00      1328.67      0.00   ******       0.0000    0.0000
   4485.00      1328.73      0.00   ******       0.0000    0.0000
   4490.00      1328.79      0.00   ******       0.0000    0.0000
   4495.00      1328.86      0.00   ******       0.0000    0.0000
   4500.00      1328.92      0.00   ******       0.0000    0.0000
   4505.00      1328.98      0.00   ******       0.0000    0.0000
   4510.00      1329.04      0.00   ******       0.0000    0.0000
   4515.00      1329.11      0.00   ******       0.0000    0.0000
   4520.00      1329.17      0.00   ******       0.0000    0.0000
   4525.00      1329.23      0.00   ******       0.0000    0.0000
   4530.00      1329.29      0.00   ******       0.0000    0.0000
   4535.00      1329.36      0.00   ******       0.0000    0.0000
   4540.00      1329.42      0.00   ******       0.0000    0.0000
   4545.00      1329.48      0.00   ******       0.0000    0.0000
   4550.00      1329.55      0.00   ******       0.0000    0.0000
   4555.00      1329.61      0.00   ******       0.0000    0.0000
   4560.00      1329.67      0.00   ******       0.0000    0.0000
   4565.00      1329.73      0.00   ******       0.0000    0.0000
   4570.00      1329.80      0.00   ******       0.0000    0.0000
   4575.00      1329.86      0.00   ******       0.0000    0.0000
   4580.00      1329.92      0.00   ******       0.0000    0.0000
   4585.00      1329.99      0.00   ******       0.0000    0.0000
   4590.00      1330.05      0.00   ******       0.0000    0.0000
   4595.00      1330.11      0.00   ******       0.0000    0.0000
   4600.00      1330.17      0.00   ******       0.0000    0.0000
   4605.00      1330.24      0.00   ******       0.0000    0.0000
   4610.00      1330.30      0.00   ******       0.0000    0.0000
   4615.00      1330.36      0.00   ******       0.0000    0.0000
   4620.00      1330.43      0.00   ******       0.0000    0.0000
   4625.00      1330.49      0.00   ******       0.0000    0.0000
   4630.00      1330.55      0.00   ******       0.0000    0.0000
   4635.00      1330.61      0.00   ******       0.0000    0.0000
   4640.00      1330.68      0.00   ******       0.0000    0.0000
   4645.00      1330.74      0.00   ******       0.0000    0.0000
   4650.00      1330.80      0.00   ******       0.0000    0.0000
   4655.00      1330.87      0.00   ******       0.0000    0.0000
   4660.00      1330.93      0.00   ******       0.0000    0.0000
   4665.00      1330.99      0.00   ******       0.0000    0.0000
   4670.00      1331.05      0.00   ******       0.0000    0.0000
   4675.00      1331.12      0.00   ******       0.0000    0.0000
   4680.00      1331.18      0.00   ******       0.0000    0.0000
   4685.00      1331.24      0.00   ******       0.0000    0.0000
   4690.00      1331.31      0.00   ******       0.0000    0.0000
   4695.00      1331.37      0.00   ******       0.0000    0.0000
   4700.00      1331.43      0.00   ******       0.0000    0.0000
   4705.00      1331.50      0.00   ******       0.0000    0.0000
   4710.00      1331.56      0.00   ******       0.0000    0.0000
   4715.00      1331.62      0.00   ******       0.0000    0.0000
   4720.00      1331.68      0.00   ******       0.0000    0.0000
   4725.00      1331.75      0.00   ******       0.0000    0.0000
   4730.00      1331.81      0.00   ******       0.0000    0.0000
   4735.00      1331.87      0.00   ******       0.0000    0.0000
   4740.00      1331.94      0.00   ******       0.0000    0.0000
   4745.00      1332.00      0.00   ******       0.0000    0.0000
   4750.00      1332.06      0.00   ******       0.0000    0.0000
   4755.00      1332.13      0.00   ******       0.0000    0.0000
   4760.00      1332.19      0.00   ******       0.0000    0.0000
   4765.00      1332.25      0.00   ******       0.0000    0.0000
   4770.00      1332.31      0.00   ******       0.0000    0.0000
   4775.00      1332.38      0.00   ******       0.0000    0.0000
   4780.00      1332.44      0.00   ******       0.0000    0.0000
   4785.00      1332.50      0.00   ******       0.0000    0.0000
   4790.00      1332.57      0.00   ******       0.0000    0.0000
   4795.00      1332.63      0.00   ******       0.0000    0.0000
   4800.00      1332.69      0.00   ******       0.0000    0.0000
   4805.00      1332.76      0.00   ******       0.0000    0.0000
   4810.00      1332.82      0.00   ******       0.0000    0.0000
   4815.00      1332.88      0.00   ******       0.0000    0.0000
   4820.00      1332.95      0.00   ******       0.0000    0.0000
   4825.00      1333.01      0.00   ******       0.0000    0.0000
   4830.00      1333.07      0.00   ******       0.0000    0.0000
   4835.00      1333.13      0.00   ******       0.0000    0.0000
   4840.00      1333.20      0.00   ******       0.0000    0.0000
   4845.00      1333.26      0.00   ******       0.0000    0.0000
   4850.00      1333.32      0.00   ******       0.0000    0.0000
   4855.00      1333.39      0.00   ******       0.0000    0.0000
   4860.00      1333.45      0.00   ******       0.0000    0.0000
   4865.00      1333.51      0.00   ******       0.0000    0.0000
   4870.00      1333.58      0.00   ******       0.0000    0.0000
   4875.00      1333.64      0.00   ******       0.0000    0.0000
   4880.00      1333.70      0.00   ******       0.0000    0.0000
   4885.00      1333.77      0.00   ******       0.0000    0.0000
   4890.00      1333.83      0.00   ******       0.0000    0.0000
   4895.00      1333.89      0.00   ******       0.0000    0.0000
   4900.00      1333.96      0.00   ******       0.0000    0.0000
   4905.00      1334.02      0.00   ******       0.0000    0.0000
   4910.00      1334.08      0.00   ******       0.0000    0.0000
   4915.00      1334.15      0.00   ******       0.0000    0.0000
   4920.00      1334.21      0.00   ******       0.0000    0.0000
   4925.00      1334.27      0.00   ******       0.0000    0.0000
   4930.00      1334.34      0.00   ******       0.0000    0.0000
   4935.00      1334.40      0.00   ******       0.0000    0.0000
   4940.00      1334.46      0.00   ******       0.0000    0.0000
   4945.00      1334.52      0.00   ******       0.0000    0.0000
   4950.00      1334.59      0.00   ******       0.0000    0.0000
   4955.00      1334.65      0.00   ******       0.0000    0.0000
   4960.00      1334.71      0.00   ******       0.0000    0.0000
   4965.00      1334.78      0.00   ******       0.0000    0.0000
   4970.00      1334.84      0.00   ******       0.0000    0.0000
   4975.00      1334.90      0.00   ******       0.0000    0.0000
   4980.00      1334.97      0.00   ******       0.0000    0.0000
   4985.00      1335.03      0.00   ******       0.0000    0.0000
   4990.00      1335.09      0.00   ******       0.0000    0.0000
   4995.00      1335.16      0.00   ******       0.0000    0.0000
   5000.00      1335.22      0.00   ******       0.0000    0.0000
   5005.00      1335.28      0.00   ******       0.0000    0.0000
   5010.00      1335.35      0.00   ******       0.0000    0.0000
   5015.00      1335.41      0.00   ******       0.0000    0.0000
   5020.00      1335.47      0.00   ******       0.0000    0.0000
   5025.00      1335.54      0.00   ******       0.0000    0.0000
   5030.00      1335.60      0.00   ******       0.0000    0.0000
   5035.00      1335.66      0.00   ******       0.0000    0.0000
   5040.00      1335.73      0.00   ******       0.0000    0.0000
   5045.00      1335.79      0.00   ******       0.0000    0.0000
   5050.00      1335.85      0.00   ******       0.0000    0.0000
   5055.00      1335.92      0.00   ******       0.0000    0.0000
   5060.00      1335.98      0.00   ******       0.0000    0.0000
   5065.00      1336.04      0.00   ******       0.0000    0.0000
   5070.00      1336.11      0.00   ******       0.0000    0.0000
   5075.00      1336.17      0.00   ******       0.0000    0.0000
   5080.00      1336.23      0.00   ******       0.0000    0.0000
   5085.00      1336.30      0.00   ******       0.0000    0.0000
   5090.00      1336.36      0.00   ******       0.0000    0.0000
   5095.00      1336.42      0.00   ******       0.0000    0.0000
   5100.00      1336.49      0.00   ******       0.0000    0.0000
   5105.00      1336.55      0.00   ******       0.0000    0.0000
   5110.00      1336.61      0.00   ******       0.0000    0.0000
   5115.00      1336.68      0.00   ******       0.0000    0.0000
   5120.00      1336.74      0.00   ******       0.0000    0.0000
   5125.00      1336.80      0.00   ******       0.0000    0.0000
   5130.00      1336.87      0.00   ******       0.0000    0.0000
   5135.00      1336.93      0.00   ******       0.0000    0.0000
   5140.00      1336.99      0.00   ******       0.0000    0.0000
   5145.00      1337.06      0.00   ******       0.0000    0.0000
   5150.00      1337.12      0.00   ******       0.0000    0.0000
   5155.00      1337.18      0.00   ******       0.0000    0.0000
   5160.00      1337.25      0.00   ******       0.0000    0.0000
   5165.00      1337.31      0.00   ******       0.0000    0.0000
   5170.00      1337.37      0.00   ******       0.0000    0.0000
   5175.00      1337.44      0.00   ******       0.0000    0.0000
   5180.00      1337.50      0.00   ******       0.0000    0.0000
   5185.00      1337.56      0.00   ******       0.0000    0.0000
   5190.00      1337.63      0.00   ******       0.0000    0.0000
   5195.00      1337.69      0.00   ******       0.0000    0.0000
   5200.00      1337.75      0.00   ******       0.0000    0.0000
   5205.00      1337.82      0.00   ******       0.0000    0.0000
   5210.00      1337.88      0.00   ******       0.0000    0.0000
   5215.00      1337.94      0.00   ******       0.0000    0.0000
   5220.00      1338.01      0.00   ******       0.0000    0.0000
   5225.00      1338.07      0.00   ******       0.0000    0.0000
   5230.00      1338.13      0.00   ******       0.0000    0.0000
   5235.00      1338.20      0.00   ******       0.0000    0.0000
   5240.00      1338.26      0.00   ******       0.0000    0.0000
   5245.00      1338.33      0.00   ******       0.0000    0.0000
   5250.00      1338.39      0.00   ******       0.0000    0.0000
   5255.00      1338.45      0.00   ******       0.0000    0.0000
   5260.00      1338.52      0.00   ******       0.0000    0.0000
   5265.00      1338.58      0.00   ******       0.0000    0.0000
   5270.00      1338.64      0.00   ******       0.0000    0.0000
   5275.00      1338.71      0.00   ******       0.0000    0.0000
   5280.00      1338.77      0.00   ******       0.0000    0.0000
   5285.00      1338.83      0.00   ******       0.0000    0.0000
   5290.00      1338.90      0.00   ******       0.0000    0.0000
   5295.00      1338.96      0.00   ******       0.0000    0.0000
   5300.00      1339.02      0.00   ******       0.0000    0.0000
   5305.00      1339.09      0.00   ******       0.0000    0.0000
   5310.00      1339.15      0.00   ******       0.0000    0.0000
   5315.00      1339.21      0.00   ******       0.0000    0.0000
   5320.00      1339.28      0.00   ******       0.0000    0.0000
   5325.00      1339.34      0.00   ******       0.0000    0.0000
   5330.00      1339.40      0.00   ******       0.0000    0.0000
   5335.00      1339.47      0.00   ******       0.0000    0.0000
   5340.00      1339.53      0.00   ******       0.0000    0.0000
   5345.00      1339.59      0.00   ******       0.0000    0.0000
   5350.00      1339.66      0.00   ******       0.0000    0.0000
   5355.00      1339.72      0.00   ******       0.0000    0.0000
   5360.00      1339.78      0.00   ******       0.0000    0.0000
   5365.00      1339.85      0.00   ******       0.0000    0.0000
   5370.00      1339.91      0.00   ******       0.0000    0.0000
   5375.00      1339.98      0.00   ******       0.0000    0.0000
   5380.00      1340.04      0.00   ******       0.0000    0.0000
   5385.00      1340.10      0.00   ******       0.0000    0.0000
   5390.00      1340.17      0.00   ******       0.0000    0.0000
   5395.00      1340.23      0.00   ******       0.0000    0.0000
   5400.00      1340.29      0.00   ******       0.0000    0.0000
   5405.00      1340.36      0.00   ******       0.0000    0.0000
   5410.00      1340.42      0.00   ******       0.0000    0.0000
   5415.00      1340.48      0.00   ******       0.0000    0.0000
   5420.00      1340.55      0.00   ******       0.0000    0.0000
   5425.00      1340.61      0.00   ******       0.0000    0.0000
   5430.00      1340.67      0.00   ******       0.0000    0.0000
   5435.00      1340.74      0.00   ******       0.0000    0.0000
   5440.00      1340.80      0.00   ******       0.0000    0.0000
   5445.00      1340.86      0.00   ******       0.0000    0.0000
   5450.00      1340.93      0.00   ******       0.0000    0.0000
   5455.00      1340.99      0.00   ******       0.0000    0.0000
   5460.00      1341.06      0.00   ******       0.0000    0.0000
   5465.00      1341.12      0.00   ******       0.0000    0.0000
   5470.00      1341.18      0.00   ******       0.0000    0.0000
   5475.00      1341.25      0.00   ******       0.0000    0.0000
   5480.00      1341.31      0.00   ******       0.0000    0.0000
   5485.00      1341.37      0.00   ******       0.0000    0.0000
   5490.00      1341.44      0.00   ******       0.0000    0.0000
   5495.00      1341.50      0.00   ******       0.0000    0.0000
   5500.00      1341.56      0.00   ******       0.0000    0.0000
   5505.00      1341.63      0.00   ******       0.0000    0.0000
   5510.00      1341.69      0.00   ******       0.0000    0.0000
   5515.00      1341.75      0.00   ******       0.0000    0.0000
   5520.00      1341.82      0.00   ******       0.0000    0.0000
   5525.00      1341.88      0.00   ******       0.0000    0.0000
   5530.00      1341.95      0.00   ******       0.0000    0.0000
   5535.00      1342.01      0.00   ******       0.0000    0.0000
   5540.00      1342.07      0.00   ******       0.0000    0.0000
   5545.00      1342.14      0.00   ******       0.0000    0.0000
   5550.00      1342.20      0.00   ******       0.0000    0.0000
   5555.00      1342.26      0.00   ******       0.0000    0.0000
   5560.00      1342.33      0.00   ******       0.0000    0.0000
   5565.00      1342.39      0.00   ******       0.0000    0.0000
   5570.00      1342.45      0.00   ******       0.0000    0.0000
   5575.00      1342.52      0.00   ******       0.0000    0.0000
   5580.00      1342.58      0.00   ******       0.0000    0.0000
   5585.00      1342.64      0.00   ******       0.0000    0.0000
   5590.00      1342.71      0.00   ******       0.0000    0.0000
   5595.00      1342.77      0.00   ******       0.0000    0.0000
   5600.00      1342.84      0.00   ******       0.0000    0.0000
   5605.00      1342.90      0.00   ******       0.0000    0.0000
   5610.00      1342.96      0.00   ******       0.0000    0.0000
   5615.00      1343.03      0.00   ******       0.0000    0.0000
   5620.00      1343.09      0.00   ******       0.0000    0.0000
   5625.00      1343.15      0.00   ******       0.0000    0.0000
   5630.00      1343.22      0.00   ******       0.0000    0.0000
   5635.00      1343.28      0.00   ******       0.0000    0.0000
   5640.00      1343.34      0.00   ******       0.0000    0.0000
   5645.00      1343.41      0.00   ******       0.0000    0.0000
   5650.00      1343.47      0.00   ******       0.0000    0.0000
   5655.00      1343.54      0.00   ******       0.0000    0.0000
   5660.00      1343.60      0.00   ******       0.0000    0.0000
   5665.00      1343.66      0.00   ******       0.0000    0.0000
   5670.00      1343.73      0.00   ******       0.0000    0.0000
   5675.00      1343.79      0.00   ******       0.0000    0.0000
   5680.00      1343.85      0.00   ******       0.0000    0.0000
   5685.00      1343.92      0.00   ******       0.0000    0.0000
   5690.00      1343.98      0.00   ******       0.0000    0.0000
   5695.00      1344.04      0.00   ******       0.0000    0.0000
   5700.00      1344.11      0.00   ******       0.0000    0.0000
   5705.00      1344.17      0.00   ******       0.0000    0.0000
   5710.00      1344.24      0.00   ******       0.0000    0.0000
   5715.00      1344.30      0.00   ******       0.0000    0.0000
   5720.00      1344.36      0.00   ******       0.0000    0.0000
   5725.00      1344.43      0.00   ******       0.0000    0.0000
   5730.00      1344.49      0.00   ******       0.0000    0.0000
   5735.00      1344.55      0.00   ******       0.0000    0.0000
   5740.00      1344.62      0.00   ******       0.0000    0.0000
   5745.00      1344.68      0.00   ******       0.0000    0.0000
   5750.00      1344.74      0.00   ******       0.0000    0.0000
   5755.00      1344.81      0.00   ******       0.0000    0.0000
   5760.00      1344.87      0.00   ******       0.0000    0.0000
   5765.00      1344.94      0.00   ******       0.0000    0.0000
   5770.00      1345.00      0.00   ******       0.0000    0.0000
   5775.00      1345.06      0.00   ******       0.0000    0.0000
   5780.00      1345.13      0.00   ******       0.0000    0.0000
   5785.00      1345.19      0.00   ******       0.0000    0.0000
   5790.00      1345.25      0.00   ******       0.0000    0.0000
   5795.00      1345.32      0.00   ******       0.0000    0.0000
   5800.00      1345.38      0.00   ******       0.0000    0.0000
   5805.00      1345.44      0.00   ******       0.0000    0.0000
   5810.00      1345.51      0.00   ******       0.0000    0.0000
   5815.00      1345.57      0.00   ******       0.0000    0.0000
   5820.00      1345.64      0.00   ******       0.0000    0.0000
   5825.00      1345.70      0.00   ******       0.0000    0.0000
   5830.00      1345.76      0.00   ******       0.0000    0.0000
   5835.00      1345.83      0.00   ******       0.0000    0.0000
   5840.00      1345.89      0.00   ******       0.0000    0.0000
   5845.00      1345.95      0.00   ******       0.0000    0.0000
   5850.00      1346.02      0.00   ******       0.0000    0.0000
   5855.00      1346.08      0.00   ******       0.0000    0.0000
   5860.00      1346.15      0.00   ******       0.0000    0.0000
   5865.00      1346.21      0.00   ******       0.0000    0.0000
   5870.00      1346.27      0.00   ******       0.0000    0.0000
   5875.00      1346.34      0.00   ******       0.0000    0.0000
   5880.00      1346.40      0.00   ******       0.0000    0.0000
   5885.00      1346.46      0.00   ******       0.0000    0.0000
   5890.00      1346.53      0.00   ******       0.0000    0.0000
   5895.00      1346.59      0.00   ******       0.0000    0.0000
   5900.00      1346.65      0.00   ******       0.0000    0.0000
   5905.00      1346.72      0.00   ******       0.0000    0.0000
   5910.00      1346.78      0.00   ******       0.0000    0.0000
   5915.00      1346.85      0.00   ******       0.0000    0.0000
   5920.00      1346.91      0.00   ******       0.0000    0.0000
   5925.00      1346.97      0.00   ******       0.0000    0.0000
   5930.00      1347.04      0.00   ******       0.0000    0.0000
   5935.00      1347.10      0.00   ******       0.0000    0.0000
   5940.00      1347.16      0.00   ******       0.0000    0.0000
   5945.00      1347.23      0.00   ******       0.0000    0.0000
   5950.00      1347.29      0.00   ******       0.0000    0.0000
   5955.00      1347.36      0.00   ******       0.0000    0.0000
   5960.00      1347.42      0.00   ******       0.0000    0.0000
   5965.00      1347.48      0.00   ******       0.0000    0.0000
   5970.00      1347.55      0.00   ******       0.0000    0.0000
   5975.00      1347.61      0.00   ******       0.0000    0.0000
   5980.00      1347.67      0.00   ******       0.0000    0.0000
   5985.00      1347.74      0.00   ******       0.0000    0.0000
   5990.00      1347.80      0.00   ******       0.0000    0.0000
   5995.00      1347.87      0.00   ******       0.0000    0.0000
   6000.00      1347.93      0.00   ******       0.0000    0.0000

                                 ( RMS roughness =   0.00     )
     ACOUSTO-ELASTIC half-space
   6000.00      1800.00      0.00     2.00       0.0000    0.0000

 __________________________________________________________________________

 Number of source   depths, Sz =            1
 source   depths, Sz (m)
   1300.00    


 __________________________________________________________________________

 Number of receiver depths, Rz =            1
 receiver depths, Rz (m)
   100000.    


 *** WARNING ***
 Generated by program or subroutine: ReadSzRz
 Receiver below or too near the bottom bdry has been moved up


 __________________________________________________________________________

 Number of receiver ranges, Rr =            1
 receiver ranges, Rr (km)
   6001.00    


 Ray trace run
 Geometric hat beams in Cartesian coordinates
 Point source (cylindrical coordinates)
 Rectilinear receiver grid: Receivers at Rr( : ) x Rz( : )

 Number of beams in elevation   =           41
 Beam take-off angles (degrees)
  -20.0000      -19.0000      -18.0000      -17.0000      -16.0000    
  -15.0000      -14.0000      -13.0000      -12.0000      -11.0000    
          ... 
   20.0000    

 __________________________________________________________________________


 Step length,       deltas =   0.000     m

 Maximum ray depth, Box%z  =   6001.     m
 Maximum ray range, Box%r  =  0.1000E+06 m


 Step length,       deltas =   600.0     m (automatically selected)

Tracing beam       1    -20.00
Tracing beam       2    -19.00
Tracing beam       3    -18.00
Tracing beam       4    -17.00
Tracing beam       5    -16.00
Tracing beam       6    -15.00
Tracing beam       7    -14.00
Tracing beam       8    -13.00
Tracing beam       9    -12.00
Tracing beam      10    -11.00
Tracing beam      11    -10.00
Tracing beam      12     -9.00
Tracing beam      13     -8.00
Tracing beam      14     -7.00
Tracing beam      15     -6.00
Tracing beam      16     -5.00
Tracing beam      17     -4.00
Tracing beam      18     -3.00
Tracing beam      19     -2.00
Tracing beam      20     -1.00
Tracing beam      21      0.00
Tracing beam      22      1.00
Tracing beam      23      2.00
Tracing beam      24      3.00
Tracing beam      25      4.00
Tracing beam      26      5.00
Tracing beam      27      6.00
Tracing beam      28      7.00
Tracing beam      29      8.00
Tracing beam      30      9.00
Tracing beam      31     10.00
Tracing beam      32     11.00
Tracing beam      33     12.00
Tracing beam      34     13.00
Tracing beam      35     14.00
Tracing beam      36     15.00
Tracing beam      37     16.00
Tracing beam      38     17.00
Tracing beam      39     18.00
Tracing beam      40     19.00
Tracing beam      41     20.00

 CPU Time =       0.479    s
