 _________________________________________________

 KRAKEN- munk                                                                    
 Nominal Frequency =   285.2    Hz
 NMedia    =   1


     N2-Linear approximation to SSP
     Attenuation units: dB/wavelength
     VACUUM


   z (m)     alphaR (m/s)   betaR  rho (g/cm^3)  alphaI     betaI


       ( # mesh points =     0  RMS roughness =   0.00     m )
      0.00      1548.52      0.00   ******       0.0000    0.0000
      5.00      1547.98      0.00   ******       0.0000    0.0000
     10.00      1547.44      0.00   ******       0.0000    0.0000
     15.00      1546.91      0.00   ******       0.0000    0.0000
     20.00      1546.39      0.00   ******       0.0000    0.0000
     25.00      1545.86      0.00   ******       0.0000    0.0000
     30.00      1545.35      0.00   ******       0.0000    0.0000
     35.00      1544.83      0.00   ******       0.0000    0.0000
     40.00      1544.33      0.00   ******       0.0000    0.0000
     45.00      1543.82      0.00   ******       0.0000    0.0000
     50.00      1543.32      0.00   ******       0.0000    0.0000
     55.00      1542.83      0.00   ******       0.0000    0.0000
     60.00      1542.34      0.00   ******       0.0000    0.0000
     65.00      1541.85      0.00   ******       0.0000    0.0000
     70.00      1541.37      0.00   ******       0.0000    0.0000
     75.00      1540.89      0.00   ******       0.0000    0.0000
     80.00      1540.42      0.00   ******       0.0000    0.0000
     85.00      1539.95      0.00   ******       0.0000    0.0000
     90.00      1539.49      0.00   ******       0.0000    0.0000
     95.00      1539.03      0.00   ******       0.0000    0.0000
    100.00      1538.57      0.00   ******       0.0000    0.0000
    105.00      1538.12      0.00   ******       0.0000    0.0000
    110.00      1537.67      0.00   ******       0.0000    0.0000
    115.00      1537.23      0.00   ******       0.0000    0.0000
    120.00      1536.79      0.00   ******       0.0000    0.0000
    125.00      1536.36      0.00   ******       0.0000    0.0000
    130.00      1535.92      0.00   ******       0.0000    0.0000
    135.00      1535.50      0.00   ******       0.0000    0.0000
    140.00      1535.07      0.00   ******       0.0000    0.0000
    145.00      1534.65      0.00   ******       0.0000    0.0000
    150.00      1534.24      0.00   ******       0.0000    0.0000
    155.00      1533.83      0.00   ******       0.0000    0.0000
    160.00      1533.42      0.00   ******       0.0000    0.0000
    165.00      1533.01      0.00   ******       0.0000    0.0000
    170.00      1532.61      0.00   ******       0.0000    0.0000
    175.00      1532.22      0.00   ******       0.0000    0.0000
    180.00      1531.82      0.00   ******       0.0000    0.0000
    185.00      1531.43      0.00   ******       0.0000    0.0000
    190.00      1531.05      0.00   ******       0.0000    0.0000
    195.00      1530.67      0.00   ******       0.0000    0.0000
    200.00      1530.29      0.00   ******       0.0000    0.0000
    205.00      1529.91      0.00   ******       0.0000    0.0000
    210.00      1529.54      0.00   ******       0.0000    0.0000
    215.00      1529.17      0.00   ******       0.0000    0.0000
    220.00      1528.81      0.00   ******       0.0000    0.0000
    225.00      1528.45      0.00   ******       0.0000    0.0000
    230.00      1528.09      0.00   ******       0.0000    0.0000
    235.00      1527.73      0.00   ******       0.0000    0.0000
    240.00      1527.38      0.00   ******       0.0000    0.0000
    245.00      1527.04      0.00   ******       0.0000    0.0000
    250.00      1526.69      0.00   ******       0.0000    0.0000
    255.00      1526.35      0.00   ******       0.0000    0.0000
    260.00      1526.01      0.00   ******       0.0000    0.0000
    265.00      1525.68      0.00   ******       0.0000    0.0000
    270.00      1525.35      0.00   ******       0.0000    0.0000
    275.00      1525.02      0.00   ******       0.0000    0.0000
    280.00      1524.69      0.00   ******       0.0000    0.0000
    285.00      1524.37      0.00   ******       0.0000    0.0000
    290.00      1524.05      0.00   ******       0.0000    0.0000
    295.00      1523.74      0.00   ******       0.0000    0.0000
    300.00      1523.43      0.00   ******       0.0000    0.0000
    305.00      1523.12      0.00   ******       0.0000    0.0000
    310.00      1522.81      0.00   ******       0.0000    0.0000
    315.00      1522.51      0.00   ******       0.0000    0.0000
    320.00      1522.21      0.00   ******       0.0000    0.0000
    325.00      1521.91      0.00   ******       0.0000    0.0000
    330.00      1521.61      0.00   ******       0.0000    0.0000
    335.00      1521.32      0.00   ******       0.0000    0.0000
    340.00      1521.03      0.00   ******       0.0000    0.0000
    345.00      1520.75      0.00   ******       0.0000    0.0000
    350.00      1520.46      0.00   ******       0.0000    0.0000
    355.00      1520.18      0.00   ******       0.0000    0.0000
    360.00      1519.91      0.00   ******       0.0000    0.0000
    365.00      1519.63      0.00   ******       0.0000    0.0000
    370.00      1519.36      0.00   ******       0.0000    0.0000
    375.00      1519.09      0.00   ******       0.0000    0.0000
    380.00      1518.82      0.00   ******       0.0000    0.0000
    385.00      1518.56      0.00   ******       0.0000    0.0000
    390.00      1518.30      0.00   ******       0.0000    0.0000
    395.00      1518.04      0.00   ******       0.0000    0.0000
    400.00      1517.78      0.00   ******       0.0000    0.0000
    405.00      1517.53      0.00   ******       0.0000    0.0000
    410.00      1517.28      0.00   ******       0.0000    0.0000
    415.00      1517.03      0.00   ******       0.0000    0.0000
    420.00      1516.79      0.00   ******       0.0000    0.0000
    425.00      1516.54      0.00   ******       0.0000    0.0000
    430.00      1516.30      0.00   ******       0.0000    0.0000
    435.00      1516.06      0.00   ******       0.0000    0.0000
    440.00      1515.83      0.00   ******       0.0000    0.0000
    445.00      1515.60      0.00   ******       0.0000    0.0000
    450.00      1515.37      0.00   ******       0.0000    0.0000
    455.00      1515.14      0.00   ******       0.0000    0.0000
    460.00      1514.91      0.00   ******       0.0000    0.0000
    465.00      1514.69      0.00   ******       0.0000    0.0000
    470.00      1514.47      0.00   ******       0.0000    0.0000
    475.00      1514.25      0.00   ******       0.0000    0.0000
    480.00      1514.03      0.00   ******       0.0000    0.0000
    485.00      1513.82      0.00   ******       0.0000    0.0000
    490.00      1513.61      0.00   ******       0.0000    0.0000
    495.00      1513.40      0.00   ******       0.0000    0.0000
    500.00      1513.19      0.00   ******       0.0000    0.0000
    505.00      1512.98      0.00   ******       0.0000    0.0000
    510.00      1512.78      0.00   ******       0.0000    0.0000
    515.00      1512.58      0.00   ******       0.0000    0.0000
    520.00      1512.38      0.00   ******       0.0000    0.0000
    525.00      1512.19      0.00   ******       0.0000    0.0000
    530.00      1511.99      0.00   ******       0.0000    0.0000
    535.00      1511.80      0.00   ******       0.0000    0.0000
    540.00      1511.61      0.00   ******       0.0000    0.0000
    545.00      1511.42      0.00   ******       0.0000    0.0000
    550.00      1511.24      0.00   ******       0.0000    0.0000
    555.00      1511.05      0.00   ******       0.0000    0.0000
    560.00      1510.87      0.00   ******       0.0000    0.0000
    565.00      1510.69      0.00   ******       0.0000    0.0000
    570.00      1510.52      0.00   ******       0.0000    0.0000
    575.00      1510.34      0.00   ******       0.0000    0.0000
    580.00      1510.17      0.00   ******       0.0000    0.0000
    585.00      1510.00      0.00   ******       0.0000    0.0000
    590.00      1509.83      0.00   ******       0.0000    0.0000
    595.00      1509.66      0.00   ******       0.0000    0.0000
    600.00      1509.49      0.00   ******       0.0000    0.0000
    605.00      1509.33      0.00   ******       0.0000    0.0000
    610.00      1509.17      0.00   ******       0.0000    0.0000
    615.00      1509.01      0.00   ******       0.0000    0.0000
    620.00      1508.85      0.00   ******       0.0000    0.0000
    625.00      1508.69      0.00   ******       0.0000    0.0000
    630.00      1508.54      0.00   ******       0.0000    0.0000
    635.00      1508.39      0.00   ******       0.0000    0.0000
    640.00      1508.24      0.00   ******       0.0000    0.0000
    645.00      1508.09      0.00   ******       0.0000    0.0000
    650.00      1507.94      0.00   ******       0.0000    0.0000
    655.00      1507.80      0.00   ******       0.0000    0.0000
    660.00      1507.65      0.00   ******       0.0000    0.0000
    665.00      1507.51      0.00   ******       0.0000    0.0000
    670.00      1507.37      0.00   ******       0.0000    0.0000
    675.00      1507.23      0.00   ******       0.0000    0.0000
    680.00      1507.10      0.00   ******       0.0000    0.0000
    685.00      1506.96      0.00   ******       0.0000    0.0000
    690.00      1506.83      0.00   ******       0.0000    0.0000
    695.00      1506.70      0.00   ******       0.0000    0.0000
    700.00      1506.57      0.00   ******       0.0000    0.0000
    705.00      1506.44      0.00   ******       0.0000    0.0000
    710.00      1506.31      0.00   ******       0.0000    0.0000
    715.00      1506.19      0.00   ******       0.0000    0.0000
    720.00      1506.06      0.00   ******       0.0000    0.0000
    725.00      1505.94      0.00   ******       0.0000    0.0000
    730.00      1505.82      0.00   ******       0.0000    0.0000
    735.00      1505.70      0.00   ******       0.0000    0.0000
    740.00      1505.59      0.00   ******       0.0000    0.0000
    745.00      1505.47      0.00   ******       0.0000    0.0000
    750.00      1505.36      0.00   ******       0.0000    0.0000
    755.00      1505.24      0.00   ******       0.0000    0.0000
    760.00      1505.13      0.00   ******       0.0000    0.0000
    765.00      1505.02      0.00   ******       0.0000    0.0000
    770.00      1504.92      0.00   ******       0.0000    0.0000
    775.00      1504.81      0.00   ******       0.0000    0.0000
    780.00      1504.70      0.00   ******       0.0000    0.0000
    785.00      1504.60      0.00   ******       0.0000    0.0000
    790.00      1504.50      0.00   ******       0.0000    0.0000
    795.00      1504.40      0.00   ******       0.0000    0.0000
    800.00      1504.30      0.00   ******       0.0000    0.0000
    805.00      1504.20      0.00   ******       0.0000    0.0000
    810.00      1504.10      0.00   ******       0.0000    0.0000
    815.00      1504.01      0.00   ******       0.0000    0.0000
    820.00      1503.92      0.00   ******       0.0000    0.0000
    825.00      1503.82      0.00   ******       0.0000    0.0000
    830.00      1503.73      0.00   ******       0.0000    0.0000
    835.00      1503.64      0.00   ******       0.0000    0.0000
    840.00      1503.56      0.00   ******       0.0000    0.0000
    845.00      1503.47      0.00   ******       0.0000    0.0000
    850.00      1503.38      0.00   ******       0.0000    0.0000
    855.00      1503.30      0.00   ******       0.0000    0.0000
    860.00      1503.22      0.00   ******       0.0000    0.0000
    865.00      1503.13      0.00   ******       0.0000    0.0000
    870.00      1503.05      0.00   ******       0.0000    0.0000
    875.00      1502.97      0.00   ******       0.0000    0.0000
    880.00      1502.90      0.00   ******       0.0000    0.0000
    885.00      1502.82      0.00   ******       0.0000    0.0000
    890.00      1502.74      0.00   ******       0.0000    0.0000
    895.00      1502.67      0.00   ******       0.0000    0.0000
    900.00      1502.60      0.00   ******       0.0000    0.0000
    905.00      1502.53      0.00   ******       0.0000    0.0000
    910.00      1502.46      0.00   ******       0.0000    0.0000
    915.00      1502.39      0.00   ******       0.0000    0.0000
    920.00      1502.32      0.00   ******       0.0000    0.0000
    925.00      1502.25      0.00   ******       0.0000    0.0000
    930.00      1502.19      0.00   ******       0.0000    0.0000
    935.00      1502.12      0.00   ******       0.0000    0.0000
    940.00      1502.06      0.00   ******       0.0000    0.0000
    945.00      1501.99      0.00   ******       0.0000    0.0000
    950.00      1501.93      0.00   ******       0.0000    0.0000
    955.00      1501.87      0.00   ******       0.0000    0.0000
    960.00      1501.81      0.00   ******       0.0000    0.0000
    965.00      1501.76      0.00   ******       0.0000    0.0000
    970.00      1501.70      0.00   ******       0.0000    0.0000
    975.00      1501.64      0.00   ******       0.0000    0.0000
    980.00      1501.59      0.00   ******       0.0000    0.0000
    985.00      1501.54      0.00   ******       0.0000    0.0000
    990.00      1501.48      0.00   ******       0.0000    0.0000
    995.00      1501.43      0.00   ******       0.0000    0.0000
   1000.00      1501.38      0.00   ******       0.0000    0.0000
   1005.00      1501.33      0.00   ******       0.0000    0.0000
   1010.00      1501.28      0.00   ******       0.0000    0.0000
   1015.00      1501.24      0.00   ******       0.0000    0.0000
   1020.00      1501.19      0.00   ******       0.0000    0.0000
   1025.00      1501.15      0.00   ******       0.0000    0.0000
   1030.00      1501.10      0.00   ******       0.0000    0.0000
   1035.00      1501.06      0.00   ******       0.0000    0.0000
   1040.00      1501.02      0.00   ******       0.0000    0.0000
   1045.00      1500.97      0.00   ******       0.0000    0.0000
   1050.00      1500.93      0.00   ******       0.0000    0.0000
   1055.00      1500.89      0.00   ******       0.0000    0.0000
   1060.00      1500.86      0.00   ******       0.0000    0.0000
   1065.00      1500.82      0.00   ******       0.0000    0.0000
   1070.00      1500.78      0.00   ******       0.0000    0.0000
   1075.00      1500.75      0.00   ******       0.0000    0.0000
   1080.00      1500.71      0.00   ******       0.0000    0.0000
   1085.00      1500.68      0.00   ******       0.0000    0.0000
   1090.00      1500.64      0.00   ******       0.0000    0.0000
   1095.00      1500.61      0.00   ******       0.0000    0.0000
   1100.00      1500.58      0.00   ******       0.0000    0.0000
   1105.00      1500.55      0.00   ******       0.0000    0.0000
   1110.00      1500.52      0.00   ******       0.0000    0.0000
   1115.00      1500.49      0.00   ******       0.0000    0.0000
   1120.00      1500.47      0.00   ******       0.0000    0.0000
   1125.00      1500.44      0.00   ******       0.0000    0.0000
   1130.00      1500.41      0.00   ******       0.0000    0.0000
   1135.00      1500.39      0.00   ******       0.0000    0.0000
   1140.00      1500.36      0.00   ******       0.0000    0.0000
   1145.00      1500.34      0.00   ******       0.0000    0.0000
   1150.00      1500.32      0.00   ******       0.0000    0.0000
   1155.00      1500.30      0.00   ******       0.0000    0.0000
   1160.00      1500.28      0.00   ******       0.0000    0.0000
   1165.00      1500.26      0.00   ******       0.0000    0.0000
   1170.00      1500.24      0.00   ******       0.0000    0.0000
   1175.00      1500.22      0.00   ******       0.0000    0.0000
   1180.00      1500.20      0.00   ******       0.0000    0.0000
   1185.00      1500.18      0.00   ******       0.0000    0.0000
   1190.00      1500.17      0.00   ******       0.0000    0.0000
   1195.00      1500.15      0.00   ******       0.0000    0.0000
   1200.00      1500.14      0.00   ******       0.0000    0.0000
   1205.00      1500.12      0.00   ******       0.0000    0.0000
   1210.00      1500.11      0.00   ******       0.0000    0.0000
   1215.00      1500.10      0.00   ******       0.0000    0.0000
   1220.00      1500.09      0.00   ******       0.0000    0.0000
   1225.00      1500.08      0.00   ******       0.0000    0.0000
   1230.00      1500.07      0.00   ******       0.0000    0.0000
   1235.00      1500.06      0.00   ******       0.0000    0.0000
   1240.00      1500.05      0.00   ******       0.0000    0.0000
   1245.00      1500.04      0.00   ******       0.0000    0.0000
   1250.00      1500.03      0.00   ******       0.0000    0.0000
   1255.00      1500.03      0.00   ******       0.0000    0.0000
   1260.00      1500.02      0.00   ******       0.0000    0.0000
   1265.00      1500.02      0.00   ******       0.0000    0.0000
   1270.00      1500.01      0.00   ******       0.0000    0.0000
   1275.00      1500.01      0.00   ******       0.0000    0.0000
   1280.00      1500.01      0.00   ******       0.0000    0.0000
   1285.00      1500.00      0.00   ******       0.0000    0.0000
   1290.00      1500.00      0.00   ******       0.0000    0.0000
   1295.00      1500.00      0.00   ******       0.0000    0.0000
   1300.00      1500.00      0.00   ******       0.0000    0.0000
   1305.00      1500.00      0.00   ******       0.0000    0.0000
   1310.00      1500.00      0.00   ******       0.0000    0.0000
   1315.00      1500.00      0.00   ******       0.0000    0.0000
   1320.00      1500.01      0.00   ******       0.0000    0.0000
   1325.00      1500.01      0.00   ******       0.0000    0.0000
   1330.00      1500.01      0.00   ******       0.0000    0.0000
   1335.00      1500.02      0.00   ******       0.0000    0.0000
   1340.00      1500.02      0.00   ******       0.0000    0.0000
   1345.00      1500.03      0.00   ******       0.0000    0.0000
   1350.00      1500.03      0.00   ******       0.0000    0.0000
   1355.00      1500.04      0.00   ******       0.0000    0.0000
   1360.00      1500.05      0.00   ******       0.0000    0.0000
   1365.00      1500.05      0.00   ******       0.0000    0.0000
   1370.00      1500.06      0.00   ******       0.0000    0.0000
   1375.00      1500.07      0.00   ******       0.0000    0.0000
   1380.00      1500.08      0.00   ******       0.0000    0.0000
   1385.00      1500.09      0.00   ******       0.0000    0.0000
   1390.00      1500.10      0.00   ******       0.0000    0.0000
   1395.00      1500.11      0.00   ******       0.0000    0.0000
   1400.00      1500.12      0.00   ******       0.0000    0.0000
   1405.00      1500.14      0.00   ******       0.0000    0.0000
   1410.00      1500.15      0.00   ******       0.0000    0.0000
   1415.00      1500.16      0.00   ******       0.0000    0.0000
   1420.00      1500.18      0.00   ******       0.0000    0.0000
   1425.00      1500.19      0.00   ******       0.0000    0.0000
   1430.00      1500.21      0.00   ******       0.0000    0.0000
   1435.00      1500.22      0.00   ******       0.0000    0.0000
   1440.00      1500.24      0.00   ******       0.0000    0.0000
   1445.00      1500.26      0.00   ******       0.0000    0.0000
   1450.00      1500.27      0.00   ******       0.0000    0.0000
   1455.00      1500.29      0.00   ******       0.0000    0.0000
   1460.00      1500.31      0.00   ******       0.0000    0.0000
   1465.00      1500.33      0.00   ******       0.0000    0.0000
   1470.00      1500.35      0.00   ******       0.0000    0.0000
   1475.00      1500.37      0.00   ******       0.0000    0.0000
   1480.00      1500.39      0.00   ******       0.0000    0.0000
   1485.00      1500.41      0.00   ******       0.0000    0.0000
   1490.00      1500.43      0.00   ******       0.0000    0.0000
   1495.00      1500.45      0.00   ******       0.0000    0.0000
   1500.00      1500.47      0.00   ******       0.0000    0.0000
   1505.00      1500.50      0.00   ******       0.0000    0.0000
   1510.00      1500.52      0.00   ******       0.0000    0.0000
   1515.00      1500.54      0.00   ******       0.0000    0.0000
   1520.00      1500.57      0.00   ******       0.0000    0.0000
   1525.00      1500.59      0.00   ******       0.0000    0.0000
   1530.00      1500.62      0.00   ******       0.0000    0.0000
   1535.00      1500.64      0.00   ******       0.0000    0.0000
   1540.00      1500.67      0.00   ******       0.0000    0.0000
   1545.00      1500.70      0.00   ******       0.0000    0.0000
   1550.00      1500.72      0.00   ******       0.0000    0.0000
   1555.00      1500.75      0.00   ******       0.0000    0.0000
   1560.00      1500.78      0.00   ******       0.0000    0.0000
   1565.00      1500.81      0.00   ******       0.0000    0.0000
   1570.00      1500.83      0.00   ******       0.0000    0.0000
   1575.00      1500.86      0.00   ******       0.0000    0.0000
   1580.00      1500.89      0.00   ******       0.0000    0.0000
   1585.00      1500.92      0.00   ******       0.0000    0.0000
   1590.00      1500.95      0.00   ******       0.0000    0.0000
   1595.00      1500.98      0.00   ******       0.0000    0.0000
   1600.00      1501.02      0.00   ******       0.0000    0.0000
   1605.00      1501.05      0.00   ******       0.0000    0.0000
   1610.00      1501.08      0.00   ******       0.0000    0.0000
   1615.00      1501.11      0.00   ******       0.0000    0.0000
   1620.00      1501.14      0.00   ******       0.0000    0.0000
   1625.00      1501.18      0.00   ******       0.0000    0.0000
   1630.00      1501.21      0.00   ******       0.0000    0.0000
   1635.00      1501.25      0.00   ******       0.0000    0.0000
   1640.00      1501.28      0.00   ******       0.0000    0.0000
   1645.00      1501.31      0.00   ******       0.0000    0.0000
   1650.00      1501.35      0.00   ******       0.0000    0.0000
   1655.00      1501.39      0.00   ******       0.0000    0.0000
   1660.00      1501.42      0.00   ******       0.0000    0.0000
   1665.00      1501.46      0.00   ******       0.0000    0.0000
   1670.00      1501.49      0.00   ******       0.0000    0.0000
   1675.00      1501.53      0.00   ******       0.0000    0.0000
   1680.00      1501.57      0.00   ******       0.0000    0.0000
   1685.00      1501.61      0.00   ******       0.0000    0.0000
   1690.00      1501.65      0.00   ******       0.0000    0.0000
   1695.00      1501.68      0.00   ******       0.0000    0.0000
   1700.00      1501.72      0.00   ******       0.0000    0.0000
   1705.00      1501.76      0.00   ******       0.0000    0.0000
   1710.00      1501.80      0.00   ******       0.0000    0.0000
   1715.00      1501.84      0.00   ******       0.0000    0.0000
   1720.00      1501.88      0.00   ******       0.0000    0.0000
   1725.00      1501.92      0.00   ******       0.0000    0.0000
   1730.00      1501.96      0.00   ******       0.0000    0.0000
   1735.00      1502.00      0.00   ******       0.0000    0.0000
   1740.00      1502.05      0.00   ******       0.0000    0.0000
   1745.00      1502.09      0.00   ******       0.0000    0.0000
   1750.00      1502.13      0.00   ******       0.0000    0.0000
   1755.00      1502.17      0.00   ******       0.0000    0.0000
   1760.00      1502.22      0.00   ******       0.0000    0.0000
   1765.00      1502.26      0.00   ******       0.0000    0.0000
   1770.00      1502.30      0.00   ******       0.0000    0.0000
   1775.00      1502.35      0.00   ******       0.0000    0.0000
   1780.00      1502.39      0.00   ******       0.0000    0.0000
   1785.00      1502.44      0.00   ******       0.0000    0.0000
   1790.00      1502.48      0.00   ******       0.0000    0.0000
   1795.00      1502.53      0.00   ******       0.0000    0.0000
   1800.00      1502.57      0.00   ******       0.0000    0.0000
   1805.00      1502.62      0.00   ******       0.0000    0.0000
   1810.00      1502.66      0.00   ******       0.0000    0.0000
   1815.00      1502.71      0.00   ******       0.0000    0.0000
   1820.00      1502.76      0.00   ******       0.0000    0.0000
   1825.00      1502.80      0.00   ******       0.0000    0.0000
   1830.00      1502.85      0.00   ******       0.0000    0.0000
   1835.00      1502.90      0.00   ******       0.0000    0.0000
   1840.00      1502.95      0.00   ******       0.0000    0.0000
   1845.00      1502.99      0.00   ******       0.0000    0.0000
   1850.00      1503.04      0.00   ******       0.0000    0.0000
   1855.00      1503.09      0.00   ******       0.0000    0.0000
   1860.00      1503.14      0.00   ******       0.0000    0.0000
   1865.00      1503.19      0.00   ******       0.0000    0.0000
   1870.00      1503.24      0.00   ******       0.0000    0.0000
   1875.00      1503.29      0.00   ******       0.0000    0.0000
   1880.00      1503.34      0.00   ******       0.0000    0.0000
   1885.00      1503.39      0.00   ******       0.0000    0.0000
   1890.00      1503.44      0.00   ******       0.0000    0.0000
   1895.00      1503.49      0.00   ******       0.0000    0.0000
   1900.00      1503.54      0.00   ******       0.0000    0.0000
   1905.00      1503.59      0.00   ******       0.0000    0.0000
   1910.00      1503.64      0.00   ******       0.0000    0.0000
   1915.00      1503.70      0.00   ******       0.0000    0.0000
   1920.00      1503.75      0.00   ******       0.0000    0.0000
   1925.00      1503.80      0.00   ******       0.0000    0.0000
   1930.00      1503.85      0.00   ******       0.0000    0.0000
   1935.00      1503.91      0.00   ******       0.0000    0.0000
   1940.00      1503.96      0.00   ******       0.0000    0.0000
   1945.00      1504.01      0.00   ******       0.0000    0.0000
   1950.00      1504.07      0.00   ******       0.0000    0.0000
   1955.00      1504.12      0.00   ******       0.0000    0.0000
   1960.00      1504.17      0.00   ******       0.0000    0.0000
   1965.00      1504.23      0.00   ******       0.0000    0.0000
   1970.00      1504.28      0.00   ******       0.0000    0.0000
   1975.00      1504.34      0.00   ******       0.0000    0.0000
   1980.00      1504.39      0.00   ******       0.0000    0.0000
   1985.00      1504.45      0.00   ******       0.0000    0.0000
   1990.00      1504.50      0.00   ******       0.0000    0.0000
   1995.00      1504.56      0.00   ******       0.0000    0.0000
   2000.00      1504.62      0.00   ******       0.0000    0.0000
   2005.00      1504.67      0.00   ******       0.0000    0.0000
   2010.00      1504.73      0.00   ******       0.0000    0.0000
   2015.00      1504.79      0.00   ******       0.0000    0.0000
   2020.00      1504.84      0.00   ******       0.0000    0.0000
   2025.00      1504.90      0.00   ******       0.0000    0.0000
   2030.00      1504.96      0.00   ******       0.0000    0.0000
   2035.00      1505.01      0.00   ******       0.0000    0.0000
   2040.00      1505.07      0.00   ******       0.0000    0.0000
   2045.00      1505.13      0.00   ******       0.0000    0.0000
   2050.00      1505.19      0.00   ******       0.0000    0.0000
   2055.00      1505.25      0.00   ******       0.0000    0.0000
   2060.00      1505.30      0.00   ******       0.0000    0.0000
   2065.00      1505.36      0.00   ******       0.0000    0.0000
   2070.00      1505.42      0.00   ******       0.0000    0.0000
   2075.00      1505.48      0.00   ******       0.0000    0.0000
   2080.00      1505.54      0.00   ******       0.0000    0.0000
   2085.00      1505.60      0.00   ******       0.0000    0.0000
   2090.00      1505.66      0.00   ******       0.0000    0.0000
   2095.00      1505.72      0.00   ******       0.0000    0.0000
   2100.00      1505.78      0.00   ******       0.0000    0.0000
   2105.00      1505.84      0.00   ******       0.0000    0.0000
   2110.00      1505.90      0.00   ******       0.0000    0.0000
   2115.00      1505.96      0.00   ******       0.0000    0.0000
   2120.00      1506.02      0.00   ******       0.0000    0.0000
   2125.00      1506.08      0.00   ******       0.0000    0.0000
   2130.00      1506.14      0.00   ******       0.0000    0.0000
   2135.00      1506.21      0.00   ******       0.0000    0.0000
   2140.00      1506.27      0.00   ******       0.0000    0.0000
   2145.00      1506.33      0.00   ******       0.0000    0.0000
   2150.00      1506.39      0.00   ******       0.0000    0.0000
   2155.00      1506.45      0.00   ******       0.0000    0.0000
   2160.00      1506.52      0.00   ******       0.0000    0.0000
   2165.00      1506.58      0.00   ******       0.0000    0.0000
   2170.00      1506.64      0.00   ******       0.0000    0.0000
   2175.00      1506.70      0.00   ******       0.0000    0.0000
   2180.00      1506.77      0.00   ******       0.0000    0.0000
   2185.00      1506.83      0.00   ******       0.0000    0.0000
   2190.00      1506.89      0.00   ******       0.0000    0.0000
   2195.00      1506.96      0.00   ******       0.0000    0.0000
   2200.00      1507.02      0.00   ******       0.0000    0.0000
   2205.00      1507.08      0.00   ******       0.0000    0.0000
   2210.00      1507.15      0.00   ******       0.0000    0.0000
   2215.00      1507.21      0.00   ******       0.0000    0.0000
   2220.00      1507.28      0.00   ******       0.0000    0.0000
   2225.00      1507.34      0.00   ******       0.0000    0.0000
   2230.00      1507.41      0.00   ******       0.0000    0.0000
   2235.00      1507.47      0.00   ******       0.0000    0.0000
   2240.00      1507.54      0.00   ******       0.0000    0.0000
   2245.00      1507.60      0.00   ******       0.0000    0.0000
   2250.00      1507.67      0.00   ******       0.0000    0.0000
   2255.00      1507.73      0.00   ******       0.0000    0.0000
   2260.00      1507.80      0.00   ******       0.0000    0.0000
   2265.00      1507.86      0.00   ******       0.0000    0.0000
   2270.00      1507.93      0.00   ******       0.0000    0.0000
   2275.00      1507.99      0.00   ******       0.0000    0.0000
   2280.00      1508.06      0.00   ******       0.0000    0.0000
   2285.00      1508.13      0.00   ******       0.0000    0.0000
   2290.00      1508.19      0.00   ******       0.0000    0.0000
   2295.00      1508.26      0.00   ******       0.0000    0.0000
   2300.00      1508.33      0.00   ******       0.0000    0.0000
   2305.00      1508.39      0.00   ******       0.0000    0.0000
   2310.00      1508.46      0.00   ******       0.0000    0.0000
   2315.00      1508.53      0.00   ******       0.0000    0.0000
   2320.00      1508.59      0.00   ******       0.0000    0.0000
   2325.00      1508.66      0.00   ******       0.0000    0.0000
   2330.00      1508.73      0.00   ******       0.0000    0.0000
   2335.00      1508.80      0.00   ******       0.0000    0.0000
   2340.00      1508.86      0.00   ******       0.0000    0.0000
   2345.00      1508.93      0.00   ******       0.0000    0.0000
   2350.00      1509.00      0.00   ******       0.0000    0.0000
   2355.00      1509.07      0.00   ******       0.0000    0.0000
   2360.00      1509.14      0.00   ******       0.0000    0.0000
   2365.00      1509.21      0.00   ******       0.0000    0.0000
   2370.00      1509.27      0.00   ******       0.0000    0.0000
   2375.00      1509.34      0.00   ******       0.0000    0.0000
   2380.00      1509.41      0.00   ******       0.0000    0.0000
   2385.00      1509.48      0.00   ******       0.0000    0.0000
   2390.00      1509.55      0.00   ******       0.0000    0.0000
   2395.00      1509.62      0.00   ******       0.0000    0.0000
   2400.00      1509.69      0.00   ******       0.0000    0.0000
   2405.00      1509.76      0.00   ******       0.0000    0.0000
   2410.00      1509.83      0.00   ******       0.0000    0.0000
   2415.00      1509.90      0.00   ******       0.0000    0.0000
   2420.00      1509.97      0.00   ******       0.0000    0.0000
   2425.00      1510.04      0.00   ******       0.0000    0.0000
   2430.00      1510.11      0.00   ******       0.0000    0.0000
   2435.00      1510.18      0.00   ******       0.0000    0.0000
   2440.00      1510.25      0.00   ******       0.0000    0.0000
   2445.00      1510.32      0.00   ******       0.0000    0.0000
   2450.00      1510.39      0.00   ******       0.0000    0.0000
   2455.00      1510.46      0.00   ******       0.0000    0.0000
   2460.00      1510.53      0.00   ******       0.0000    0.0000
   2465.00      1510.60      0.00   ******       0.0000    0.0000
   2470.00      1510.67      0.00   ******       0.0000    0.0000
   2475.00      1510.74      0.00   ******       0.0000    0.0000
   2480.00      1510.81      0.00   ******       0.0000    0.0000
   2485.00      1510.88      0.00   ******       0.0000    0.0000
   2490.00      1510.96      0.00   ******       0.0000    0.0000
   2495.00      1511.03      0.00   ******       0.0000    0.0000
   2500.00      1511.10      0.00   ******       0.0000    0.0000
   2505.00      1511.17      0.00   ******       0.0000    0.0000
   2510.00      1511.24      0.00   ******       0.0000    0.0000
   2515.00      1511.31      0.00   ******       0.0000    0.0000
   2520.00      1511.39      0.00   ******       0.0000    0.0000
   2525.00      1511.46      0.00   ******       0.0000    0.0000
   2530.00      1511.53      0.00   ******       0.0000    0.0000
   2535.00      1511.60      0.00   ******       0.0000    0.0000
   2540.00      1511.68      0.00   ******       0.0000    0.0000
   2545.00      1511.75      0.00   ******       0.0000    0.0000
   2550.00      1511.82      0.00   ******       0.0000    0.0000
   2555.00      1511.89      0.00   ******       0.0000    0.0000
   2560.00      1511.97      0.00   ******       0.0000    0.0000
   2565.00      1512.04      0.00   ******       0.0000    0.0000
   2570.00      1512.11      0.00   ******       0.0000    0.0000
   2575.00      1512.18      0.00   ******       0.0000    0.0000
   2580.00      1512.26      0.00   ******       0.0000    0.0000
   2585.00      1512.33      0.00   ******       0.0000    0.0000
   2590.00      1512.40      0.00   ******       0.0000    0.0000
   2595.00      1512.48      0.00   ******       0.0000    0.0000
   2600.00      1512.55      0.00   ******       0.0000    0.0000
   2605.00      1512.62      0.00   ******       0.0000    0.0000
   2610.00      1512.70      0.00   ******       0.0000    0.0000
   2615.00      1512.77      0.00   ******       0.0000    0.0000
   2620.00      1512.85      0.00   ******       0.0000    0.0000
   2625.00      1512.92      0.00   ******       0.0000    0.0000
   2630.00      1512.99      0.00   ******       0.0000    0.0000
   2635.00      1513.07      0.00   ******       0.0000    0.0000
   2640.00      1513.14      0.00   ******       0.0000    0.0000
   2645.00      1513.22      0.00   ******       0.0000    0.0000
   2650.00      1513.29      0.00   ******       0.0000    0.0000
   2655.00      1513.37      0.00   ******       0.0000    0.0000
   2660.00      1513.44      0.00   ******       0.0000    0.0000
   2665.00      1513.51      0.00   ******       0.0000    0.0000
   2670.00      1513.59      0.00   ******       0.0000    0.0000
   2675.00      1513.66      0.00   ******       0.0000    0.0000
   2680.00      1513.74      0.00   ******       0.0000    0.0000
   2685.00      1513.81      0.00   ******       0.0000    0.0000
   2690.00      1513.89      0.00   ******       0.0000    0.0000
   2695.00      1513.96      0.00   ******       0.0000    0.0000
   2700.00      1514.04      0.00   ******       0.0000    0.0000
   2705.00      1514.11      0.00   ******       0.0000    0.0000
   2710.00      1514.19      0.00   ******       0.0000    0.0000
   2715.00      1514.26      0.00   ******       0.0000    0.0000
   2720.00      1514.34      0.00   ******       0.0000    0.0000
   2725.00      1514.42      0.00   ******       0.0000    0.0000
   2730.00      1514.49      0.00   ******       0.0000    0.0000
   2735.00      1514.57      0.00   ******       0.0000    0.0000
   2740.00      1514.64      0.00   ******       0.0000    0.0000
   2745.00      1514.72      0.00   ******       0.0000    0.0000
   2750.00      1514.79      0.00   ******       0.0000    0.0000
   2755.00      1514.87      0.00   ******       0.0000    0.0000
   2760.00      1514.95      0.00   ******       0.0000    0.0000
   2765.00      1515.02      0.00   ******       0.0000    0.0000
   2770.00      1515.10      0.00   ******       0.0000    0.0000
   2775.00      1515.17      0.00   ******       0.0000    0.0000
   2780.00      1515.25      0.00   ******       0.0000    0.0000
   2785.00      1515.33      0.00   ******       0.0000    0.0000
   2790.00      1515.40      0.00   ******       0.0000    0.0000
   2795.00      1515.48      0.00   ******       0.0000    0.0000
   2800.00      1515.56      0.00   ******       0.0000    0.0000
   2805.00      1515.63      0.00   ******       0.0000    0.0000
   2810.00      1515.71      0.00   ******       0.0000    0.0000
   2815.00      1515.79      0.00   ******       0.0000    0.0000
   2820.00      1515.86      0.00   ******       0.0000    0.0000
   2825.00      1515.94      0.00   ******       0.0000    0.0000
   2830.00      1516.02      0.00   ******       0.0000    0.0000
   2835.00      1516.09      0.00   ******       0.0000    0.0000
   2840.00      1516.17      0.00   ******       0.0000    0.0000
   2845.00      1516.25      0.00   ******       0.0000    0.0000
   2850.00      1516.33      0.00   ******       0.0000    0.0000
   2855.00      1516.40      0.00   ******       0.0000    0.0000
   2860.00      1516.48      0.00   ******       0.0000    0.0000
   2865.00      1516.56      0.00   ******       0.0000    0.0000
   2870.00      1516.63      0.00   ******       0.0000    0.0000
   2875.00      1516.71      0.00   ******       0.0000    0.0000
   2880.00      1516.79      0.00   ******       0.0000    0.0000
   2885.00      1516.87      0.00   ******       0.0000    0.0000
   2890.00      1516.94      0.00   ******       0.0000    0.0000
   2895.00      1517.02      0.00   ******       0.0000    0.0000
   2900.00      1517.10      0.00   ******       0.0000    0.0000
   2905.00      1517.18      0.00   ******       0.0000    0.0000
   2910.00      1517.26      0.00   ******       0.0000    0.0000
   2915.00      1517.33      0.00   ******       0.0000    0.0000
   2920.00      1517.41      0.00   ******       0.0000    0.0000
   2925.00      1517.49      0.00   ******       0.0000    0.0000
   2930.00      1517.57      0.00   ******       0.0000    0.0000
   2935.00      1517.65      0.00   ******       0.0000    0.0000
   2940.00      1517.72      0.00   ******       0.0000    0.0000
   2945.00      1517.80      0.00   ******       0.0000    0.0000
   2950.00      1517.88      0.00   ******       0.0000    0.0000
   2955.00      1517.96      0.00   ******       0.0000    0.0000
   2960.00      1518.04      0.00   ******       0.0000    0.0000
   2965.00      1518.12      0.00   ******       0.0000    0.0000
   2970.00      1518.19      0.00   ******       0.0000    0.0000
   2975.00      1518.27      0.00   ******       0.0000    0.0000
   2980.00      1518.35      0.00   ******       0.0000    0.0000
   2985.00      1518.43      0.00   ******       0.0000    0.0000
   2990.00      1518.51      0.00   ******       0.0000    0.0000
   2995.00      1518.59      0.00   ******       0.0000    0.0000
   3000.00      1518.67      0.00   ******       0.0000    0.0000
   3005.00      1518.75      0.00   ******       0.0000    0.0000
   3010.00      1518.82      0.00   ******       0.0000    0.0000
   3015.00      1518.90      0.00   ******       0.0000    0.0000
   3020.00      1518.98      0.00   ******       0.0000    0.0000
   3025.00      1519.06      0.00   ******       0.0000    0.0000
   3030.00      1519.14      0.00   ******       0.0000    0.0000
   3035.00      1519.22      0.00   ******       0.0000    0.0000
   3040.00      1519.30      0.00   ******       0.0000    0.0000
   3045.00      1519.38      0.00   ******       0.0000    0.0000
   3050.00      1519.46      0.00   ******       0.0000    0.0000
   3055.00      1519.54      0.00   ******       0.0000    0.0000
   3060.00      1519.62      0.00   ******       0.0000    0.0000
   3065.00      1519.70      0.00   ******       0.0000    0.0000
   3070.00      1519.77      0.00   ******       0.0000    0.0000
   3075.00      1519.85      0.00   ******       0.0000    0.0000
   3080.00      1519.93      0.00   ******       0.0000    0.0000
   3085.00      1520.01      0.00   ******       0.0000    0.0000
   3090.00      1520.09      0.00   ******       0.0000    0.0000
   3095.00      1520.17      0.00   ******       0.0000    0.0000
   3100.00      1520.25      0.00   ******       0.0000    0.0000
   3105.00      1520.33      0.00   ******       0.0000    0.0000
   3110.00      1520.41      0.00   ******       0.0000    0.0000
   3115.00      1520.49      0.00   ******       0.0000    0.0000
   3120.00      1520.57      0.00   ******       0.0000    0.0000
   3125.00      1520.65      0.00   ******       0.0000    0.0000
   3130.00      1520.73      0.00   ******       0.0000    0.0000
   3135.00      1520.81      0.00   ******       0.0000    0.0000
   3140.00      1520.89      0.00   ******       0.0000    0.0000
   3145.00      1520.97      0.00   ******       0.0000    0.0000
   3150.00      1521.05      0.00   ******       0.0000    0.0000
   3155.00      1521.13      0.00   ******       0.0000    0.0000
   3160.00      1521.21      0.00   ******       0.0000    0.0000
   3165.00      1521.29      0.00   ******       0.0000    0.0000
   3170.00      1521.37      0.00   ******       0.0000    0.0000
   3175.00      1521.45      0.00   ******       0.0000    0.0000
   3180.00      1521.53      0.00   ******       0.0000    0.0000
   3185.00      1521.61      0.00   ******       0.0000    0.0000
   3190.00      1521.69      0.00   ******       0.0000    0.0000
   3195.00      1521.77      0.00   ******       0.0000    0.0000
   3200.00      1521.85      0.00   ******       0.0000    0.0000
   3205.00      1521.93      0.00   ******       0.0000    0.0000
   3210.00      1522.02      0.00   ******       0.0000    0.0000
   3215.00      1522.10      0.00   ******       0.0000    0.0000
   3220.00      1522.18      0.00   ******       0.0000    0.0000
   3225.00      1522.26      0.00   ******       0.0000    0.0000
   3230.00      1522.34      0.00   ******       0.0000    0.0000
   3235.00      1522.42      0.00   ******       0.0000    0.0000
   3240.00      1522.50      0.00   ******       0.0000    0.0000
   3245.00      1522.58      0.00   ******       0.0000    0.0000
   3250.00      1522.66      0.00   ******       0.0000    0.0000
   3255.00      1522.74      0.00   ******       0.0000    0.0000
   3260.00      1522.82      0.00   ******       0.0000    0.0000
   3265.00      1522.90      0.00   ******       0.0000    0.0000
   3270.00      1522.98      0.00   ******       0.0000    0.0000
   3275.00      1523.06      0.00   ******       0.0000    0.0000
   3280.00      1523.15      0.00   ******       0.0000    0.0000
   3285.00      1523.23      0.00   ******       0.0000    0.0000
   3290.00      1523.31      0.00   ******       0.0000    0.0000
   3295.00      1523.39      0.00   ******       0.0000    0.0000
   3300.00      1523.47      0.00   ******       0.0000    0.0000
   3305.00      1523.55      0.00   ******       0.0000    0.0000
   3310.00      1523.63      0.00   ******       0.0000    0.0000
   3315.00      1523.71      0.00   ******       0.0000    0.0000
   3320.00      1523.79      0.00   ******       0.0000    0.0000
   3325.00      1523.88      0.00   ******       0.0000    0.0000
   3330.00      1523.96      0.00   ******       0.0000    0.0000
   3335.00      1524.04      0.00   ******       0.0000    0.0000
   3340.00      1524.12      0.00   ******       0.0000    0.0000
   3345.00      1524.20      0.00   ******       0.0000    0.0000
   3350.00      1524.28      0.00   ******       0.0000    0.0000
   3355.00      1524.36      0.00   ******       0.0000    0.0000
   3360.00      1524.45      0.00   ******       0.0000    0.0000
   3365.00      1524.53      0.00   ******       0.0000    0.0000
   3370.00      1524.61      0.00   ******       0.0000    0.0000
   3375.00      1524.69      0.00   ******       0.0000    0.0000
   3380.00      1524.77      0.00   ******       0.0000    0.0000
   3385.00      1524.85      0.00   ******       0.0000    0.0000
   3390.00      1524.93      0.00   ******       0.0000    0.0000
   3395.00      1525.02      0.00   ******       0.0000    0.0000
   3400.00      1525.10      0.00   ******       0.0000    0.0000
   3405.00      1525.18      0.00   ******       0.0000    0.0000
   3410.00      1525.26      0.00   ******       0.0000    0.0000
   3415.00      1525.34      0.00   ******       0.0000    0.0000
   3420.00      1525.43      0.00   ******       0.0000    0.0000
   3425.00      1525.51      0.00   ******       0.0000    0.0000
   3430.00      1525.59      0.00   ******       0.0000    0.0000
   3435.00      1525.67      0.00   ******       0.0000    0.0000
   3440.00      1525.75      0.00   ******       0.0000    0.0000
   3445.00      1525.83      0.00   ******       0.0000    0.0000
   3450.00      1525.92      0.00   ******       0.0000    0.0000
   3455.00      1526.00      0.00   ******       0.0000    0.0000
   3460.00      1526.08      0.00   ******       0.0000    0.0000
   3465.00      1526.16      0.00   ******       0.0000    0.0000
   3470.00      1526.24      0.00   ******       0.0000    0.0000
   3475.00      1526.33      0.00   ******       0.0000    0.0000
   3480.00      1526.41      0.00   ******       0.0000    0.0000
   3485.00      1526.49      0.00   ******       0.0000    0.0000
   3490.00      1526.57      0.00   ******       0.0000    0.0000
   3495.00      1526.65      0.00   ******       0.0000    0.0000
   3500.00      1526.74      0.00   ******       0.0000    0.0000
   3505.00      1526.82      0.00   ******       0.0000    0.0000
   3510.00      1526.90      0.00   ******       0.0000    0.0000
   3515.00      1526.98      0.00   ******       0.0000    0.0000
   3520.00      1527.07      0.00   ******       0.0000    0.0000
   3525.00      1527.15      0.00   ******       0.0000    0.0000
   3530.00      1527.23      0.00   ******       0.0000    0.0000
   3535.00      1527.31      0.00   ******       0.0000    0.0000
   3540.00      1527.39      0.00   ******       0.0000    0.0000
   3545.00      1527.48      0.00   ******       0.0000    0.0000
   3550.00      1527.56      0.00   ******       0.0000    0.0000
   3555.00      1527.64      0.00   ******       0.0000    0.0000
   3560.00      1527.72      0.00   ******       0.0000    0.0000
   3565.00      1527.81      0.00   ******       0.0000    0.0000
   3570.00      1527.89      0.00   ******       0.0000    0.0000
   3575.00      1527.97      0.00   ******       0.0000    0.0000
   3580.00      1528.05      0.00   ******       0.0000    0.0000
   3585.00      1528.14      0.00   ******       0.0000    0.0000
   3590.00      1528.22      0.00   ******       0.0000    0.0000
   3595.00      1528.30      0.00   ******       0.0000    0.0000
   3600.00      1528.38      0.00   ******       0.0000    0.0000
   3605.00      1528.47      0.00   ******       0.0000    0.0000
   3610.00      1528.55      0.00   ******       0.0000    0.0000
   3615.00      1528.63      0.00   ******       0.0000    0.0000
   3620.00      1528.71      0.00   ******       0.0000    0.0000
   3625.00      1528.80      0.00   ******       0.0000    0.0000
   3630.00      1528.88      0.00   ******       0.0000    0.0000
   3635.00      1528.96      0.00   ******       0.0000    0.0000
   3640.00      1529.05      0.00   ******       0.0000    0.0000
   3645.00      1529.13      0.00   ******       0.0000    0.0000
   3650.00      1529.21      0.00   ******       0.0000    0.0000
   3655.00      1529.29      0.00   ******       0.0000    0.0000
   3660.00      1529.38      0.00   ******       0.0000    0.0000
   3665.00      1529.46      0.00   ******       0.0000    0.0000
   3670.00      1529.54      0.00   ******       0.0000    0.0000
   3675.00      1529.62      0.00   ******       0.0000    0.0000
   3680.00      1529.71      0.00   ******       0.0000    0.0000
   3685.00      1529.79      0.00   ******       0.0000    0.0000
   3690.00      1529.87      0.00   ******       0.0000    0.0000
   3695.00      1529.96      0.00   ******       0.0000    0.0000
   3700.00      1530.04      0.00   ******       0.0000    0.0000
   3705.00      1530.12      0.00   ******       0.0000    0.0000
   3710.00      1530.20      0.00   ******       0.0000    0.0000
   3715.00      1530.29      0.00   ******       0.0000    0.0000
   3720.00      1530.37      0.00   ******       0.0000    0.0000
   3725.00      1530.45      0.00   ******       0.0000    0.0000
   3730.00      1530.54      0.00   ******       0.0000    0.0000
   3735.00      1530.62      0.00   ******       0.0000    0.0000
   3740.00      1530.70      0.00   ******       0.0000    0.0000
   3745.00      1530.79      0.00   ******       0.0000    0.0000
   3750.00      1530.87      0.00   ******       0.0000    0.0000
   3755.00      1530.95      0.00   ******       0.0000    0.0000
   3760.00      1531.04      0.00   ******       0.0000    0.0000
   3765.00      1531.12      0.00   ******       0.0000    0.0000
   3770.00      1531.20      0.00   ******       0.0000    0.0000
   3775.00      1531.28      0.00   ******       0.0000    0.0000
   3780.00      1531.37      0.00   ******       0.0000    0.0000
   3785.00      1531.45      0.00   ******       0.0000    0.0000
   3790.00      1531.53      0.00   ******       0.0000    0.0000
   3795.00      1531.62      0.00   ******       0.0000    0.0000
   3800.00      1531.70      0.00   ******       0.0000    0.0000
   3805.00      1531.78      0.00   ******       0.0000    0.0000
   3810.00      1531.87      0.00   ******       0.0000    0.0000
   3815.00      1531.95      0.00   ******       0.0000    0.0000
   3820.00      1532.03      0.00   ******       0.0000    0.0000
   3825.00      1532.12      0.00   ******       0.0000    0.0000
   3830.00      1532.20      0.00   ******       0.0000    0.0000
   3835.00      1532.28      0.00   ******       0.0000    0.0000
   3840.00      1532.37      0.00   ******       0.0000    0.0000
   3845.00      1532.45      0.00   ******       0.0000    0.0000
   3850.00      1532.53      0.00   ******       0.0000    0.0000
   3855.00      1532.62      0.00   ******       0.0000    0.0000
   3860.00      1532.70      0.00   ******       0.0000    0.0000
   3865.00      1532.78      0.00   ******       0.0000    0.0000
   3870.00      1532.87      0.00   ******       0.0000    0.0000
   3875.00      1532.95      0.00   ******       0.0000    0.0000
   3880.00      1533.03      0.00   ******       0.0000    0.0000
   3885.00      1533.12      0.00   ******       0.0000    0.0000
   3890.00      1533.20      0.00   ******       0.0000    0.0000
   3895.00      1533.28      0.00   ******       0.0000    0.0000
   3900.00      1533.37      0.00   ******       0.0000    0.0000
   3905.00      1533.45      0.00   ******       0.0000    0.0000
   3910.00      1533.53      0.00   ******       0.0000    0.0000
   3915.00      1533.62      0.00   ******       0.0000    0.0000
   3920.00      1533.70      0.00   ******       0.0000    0.0000
   3925.00      1533.79      0.00   ******       0.0000    0.0000
   3930.00      1533.87      0.00   ******       0.0000    0.0000
   3935.00      1533.95      0.00   ******       0.0000    0.0000
   3940.00      1534.04      0.00   ******       0.0000    0.0000
   3945.00      1534.12      0.00   ******       0.0000    0.0000
   3950.00      1534.20      0.00   ******       0.0000    0.0000
   3955.00      1534.29      0.00   ******       0.0000    0.0000
   3960.00      1534.37      0.00   ******       0.0000    0.0000
   3965.00      1534.45      0.00   ******       0.0000    0.0000
   3970.00      1534.54      0.00   ******       0.0000    0.0000
   3975.00      1534.62      0.00   ******       0.0000    0.0000
   3980.00      1534.70      0.00   ******       0.0000    0.0000
   3985.00      1534.79      0.00   ******       0.0000    0.0000
   3990.00      1534.87      0.00   ******       0.0000    0.0000
   3995.00      1534.96      0.00   ******       0.0000    0.0000
   4000.00      1535.04      0.00   ******       0.0000    0.0000
   4005.00      1535.12      0.00   ******       0.0000    0.0000
   4010.00      1535.21      0.00   ******       0.0000    0.0000
   4015.00      1535.29      0.00   ******       0.0000    0.0000
   4020.00      1535.37      0.00   ******       0.0000    0.0000
   4025.00      1535.46      0.00   ******       0.0000    0.0000
   4030.00      1535.54      0.00   ******       0.0000    0.0000
   4035.00      1535.63      0.00   ******       0.0000    0.0000
   4040.00      1535.71      0.00   ******       0.0000    0.0000
   4045.00      1535.79      0.00   ******       0.0000    0.0000
   4050.00      1535.88      0.00   ******       0.0000    0.0000
   4055.00      1535.96      0.00   ******       0.0000    0.0000
   4060.00      1536.04      0.00   ******       0.0000    0.0000
   4065.00      1536.13      0.00   ******       0.0000    0.0000
   4070.00      1536.21      0.00   ******       0.0000    0.0000
   4075.00      1536.30      0.00   ******       0.0000    0.0000
   4080.00      1536.38      0.00   ******       0.0000    0.0000
   4085.00      1536.46      0.00   ******       0.0000    0.0000
   4090.00      1536.55      0.00   ******       0.0000    0.0000
   4095.00      1536.63      0.00   ******       0.0000    0.0000
   4100.00      1536.72      0.00   ******       0.0000    0.0000
   4105.00      1536.80      0.00   ******       0.0000    0.0000
   4110.00      1536.88      0.00   ******       0.0000    0.0000
   4115.00      1536.97      0.00   ******       0.0000    0.0000
   4120.00      1537.05      0.00   ******       0.0000    0.0000
   4125.00      1537.13      0.00   ******       0.0000    0.0000
   4130.00      1537.22      0.00   ******       0.0000    0.0000
   4135.00      1537.30      0.00   ******       0.0000    0.0000
   4140.00      1537.39      0.00   ******       0.0000    0.0000
   4145.00      1537.47      0.00   ******       0.0000    0.0000
   4150.00      1537.55      0.00   ******       0.0000    0.0000
   4155.00      1537.64      0.00   ******       0.0000    0.0000
   4160.00      1537.72      0.00   ******       0.0000    0.0000
   4165.00      1537.81      0.00   ******       0.0000    0.0000
   4170.00      1537.89      0.00   ******       0.0000    0.0000
   4175.00      1537.97      0.00   ******       0.0000    0.0000
   4180.00      1538.06      0.00   ******       0.0000    0.0000
   4185.00      1538.14      0.00   ******       0.0000    0.0000
   4190.00      1538.23      0.00   ******       0.0000    0.0000
   4195.00      1538.31      0.00   ******       0.0000    0.0000
   4200.00      1538.39      0.00   ******       0.0000    0.0000
   4205.00      1538.48      0.00   ******       0.0000    0.0000
   4210.00      1538.56      0.00   ******       0.0000    0.0000
   4215.00      1538.65      0.00   ******       0.0000    0.0000
   4220.00      1538.73      0.00   ******       0.0000    0.0000
   4225.00      1538.82      0.00   ******       0.0000    0.0000
   4230.00      1538.90      0.00   ******       0.0000    0.0000
   4235.00      1538.98      0.00   ******       0.0000    0.0000
   4240.00      1539.07      0.00   ******       0.0000    0.0000
   4245.00      1539.15      0.00   ******       0.0000    0.0000
   4250.00      1539.24      0.00   ******       0.0000    0.0000
   4255.00      1539.32      0.00   ******       0.0000    0.0000
   4260.00      1539.40      0.00   ******       0.0000    0.0000
   4265.00      1539.49      0.00   ******       0.0000    0.0000
   4270.00      1539.57      0.00   ******       0.0000    0.0000
   4275.00      1539.66      0.00   ******       0.0000    0.0000
   4280.00      1539.74      0.00   ******       0.0000    0.0000
   4285.00      1539.82      0.00   ******       0.0000    0.0000
   4290.00      1539.91      0.00   ******       0.0000    0.0000
   4295.00      1539.99      0.00   ******       0.0000    0.0000
   4300.00      1540.08      0.00   ******       0.0000    0.0000
   4305.00      1540.16      0.00   ******       0.0000    0.0000
   4310.00      1540.25      0.00   ******       0.0000    0.0000
   4315.00      1540.33      0.00   ******       0.0000    0.0000
   4320.00      1540.41      0.00   ******       0.0000    0.0000
   4325.00      1540.50      0.00   ******       0.0000    0.0000
   4330.00      1540.58      0.00   ******       0.0000    0.0000
   4335.00      1540.67      0.00   ******       0.0000    0.0000
   4340.00      1540.75      0.00   ******       0.0000    0.0000
   4345.00      1540.84      0.00   ******       0.0000    0.0000
   4350.00      1540.92      0.00   ******       0.0000    0.0000
   4355.00      1541.00      0.00   ******       0.0000    0.0000
   4360.00      1541.09      0.00   ******       0.0000    0.0000
   4365.00      1541.17      0.00   ******       0.0000    0.0000
   4370.00      1541.26      0.00   ******       0.0000    0.0000
   4375.00      1541.34      0.00   ******       0.0000    0.0000
   4380.00      1541.43      0.00   ******       0.0000    0.0000
   4385.00      1541.51      0.00   ******       0.0000    0.0000
   4390.00      1541.59      0.00   ******       0.0000    0.0000
   4395.00      1541.68      0.00   ******       0.0000    0.0000
   4400.00      1541.76      0.00   ******       0.0000    0.0000
   4405.00      1541.85      0.00   ******       0.0000    0.0000
   4410.00      1541.93      0.00   ******       0.0000    0.0000
   4415.00      1542.02      0.00   ******       0.0000    0.0000
   4420.00      1542.10      0.00   ******       0.0000    0.0000
   4425.00      1542.18      0.00   ******       0.0000    0.0000
   4430.00      1542.27      0.00   ******       0.0000    0.0000
   4435.00      1542.35      0.00   ******       0.0000    0.0000
   4440.00      1542.44      0.00   ******       0.0000    0.0000
   4445.00      1542.52      0.00   ******       0.0000    0.0000
   4450.00      1542.61      0.00   ******       0.0000    0.0000
   4455.00      1542.69      0.00   ******       0.0000    0.0000
   4460.00      1542.77      0.00   ******       0.0000    0.0000
   4465.00      1542.86      0.00   ******       0.0000    0.0000
   4470.00      1542.94      0.00   ******       0.0000    0.0000
   4475.00      1543.03      0.00   ******       0.0000    0.0000
   4480.00      1543.11      0.00   ******       0.0000    0.0000
   4485.00      1543.20      0.00   ******       0.0000    0.0000
   4490.00      1543.28      0.00   ******       0.0000    0.0000
   4495.00      1543.37      0.00   ******       0.0000    0.0000
   4500.00      1543.45      0.00   ******       0.0000    0.0000
   4505.00      1543.53      0.00   ******       0.0000    0.0000
   4510.00      1543.62      0.00   ******       0.0000    0.0000
   4515.00      1543.70      0.00   ******       0.0000    0.0000
   4520.00      1543.79      0.00   ******       0.0000    0.0000
   4525.00      1543.87      0.00   ******       0.0000    0.0000
   4530.00      1543.96      0.00   ******       0.0000    0.0000
   4535.00      1544.04      0.00   ******       0.0000    0.0000
   4540.00      1544.13      0.00   ******       0.0000    0.0000
   4545.00      1544.21      0.00   ******       0.0000    0.0000
   4550.00      1544.29      0.00   ******       0.0000    0.0000
   4555.00      1544.38      0.00   ******       0.0000    0.0000
   4560.00      1544.46      0.00   ******       0.0000    0.0000
   4565.00      1544.55      0.00   ******       0.0000    0.0000
   4570.00      1544.63      0.00   ******       0.0000    0.0000
   4575.00      1544.72      0.00   ******       0.0000    0.0000
   4580.00      1544.80      0.00   ******       0.0000    0.0000
   4585.00      1544.89      0.00   ******       0.0000    0.0000
   4590.00      1544.97      0.00   ******       0.0000    0.0000
   4595.00      1545.05      0.00   ******       0.0000    0.0000
   4600.00      1545.14      0.00   ******       0.0000    0.0000
   4605.00      1545.22      0.00   ******       0.0000    0.0000
   4610.00      1545.31      0.00   ******       0.0000    0.0000
   4615.00      1545.39      0.00   ******       0.0000    0.0000
   4620.00      1545.48      0.00   ******       0.0000    0.0000
   4625.00      1545.56      0.00   ******       0.0000    0.0000
   4630.00      1545.65      0.00   ******       0.0000    0.0000
   4635.00      1545.73      0.00   ******       0.0000    0.0000
   4640.00      1545.82      0.00   ******       0.0000    0.0000
   4645.00      1545.90      0.00   ******       0.0000    0.0000
   4650.00      1545.98      0.00   ******       0.0000    0.0000
   4655.00      1546.07      0.00   ******       0.0000    0.0000
   4660.00      1546.15      0.00   ******       0.0000    0.0000
   4665.00      1546.24      0.00   ******       0.0000    0.0000
   4670.00      1546.32      0.00   ******       0.0000    0.0000
   4675.00      1546.41      0.00   ******       0.0000    0.0000
   4680.00      1546.49      0.00   ******       0.0000    0.0000
   4685.00      1546.58      0.00   ******       0.0000    0.0000
   4690.00      1546.66      0.00   ******       0.0000    0.0000
   4695.00      1546.75      0.00   ******       0.0000    0.0000
   4700.00      1546.83      0.00   ******       0.0000    0.0000
   4705.00      1546.91      0.00   ******       0.0000    0.0000
   4710.00      1547.00      0.00   ******       0.0000    0.0000
   4715.00      1547.08      0.00   ******       0.0000    0.0000
   4720.00      1547.17      0.00   ******       0.0000    0.0000
   4725.00      1547.25      0.00   ******       0.0000    0.0000
   4730.00      1547.34      0.00   ******       0.0000    0.0000
   4735.00      1547.42      0.00   ******       0.0000    0.0000
   4740.00      1547.51      0.00   ******       0.0000    0.0000
   4745.00      1547.59      0.00   ******       0.0000    0.0000
   4750.00      1547.68      0.00   ******       0.0000    0.0000
   4755.00      1547.76      0.00   ******       0.0000    0.0000
   4760.00      1547.85      0.00   ******       0.0000    0.0000
   4765.00      1547.93      0.00   ******       0.0000    0.0000
   4770.00      1548.01      0.00   ******       0.0000    0.0000
   4775.00      1548.10      0.00   ******       0.0000    0.0000
   4780.00      1548.18      0.00   ******       0.0000    0.0000
   4785.00      1548.27      0.00   ******       0.0000    0.0000
   4790.00      1548.35      0.00   ******       0.0000    0.0000
   4795.00      1548.44      0.00   ******       0.0000    0.0000
   4800.00      1548.52      0.00   ******       0.0000    0.0000
   4805.00      1548.61      0.00   ******       0.0000    0.0000
   4810.00      1548.69      0.00   ******       0.0000    0.0000
   4815.00      1548.78      0.00   ******       0.0000    0.0000
   4820.00      1548.86      0.00   ******       0.0000    0.0000
   4825.00      1548.95      0.00   ******       0.0000    0.0000
   4830.00      1549.03      0.00   ******       0.0000    0.0000
   4835.00      1549.12      0.00   ******       0.0000    0.0000
   4840.00      1549.20      0.00   ******       0.0000    0.0000
   4845.00      1549.28      0.00   ******       0.0000    0.0000
   4850.00      1549.37      0.00   ******       0.0000    0.0000
   4855.00      1549.45      0.00   ******       0.0000    0.0000
   4860.00      1549.54      0.00   ******       0.0000    0.0000
   4865.00      1549.62      0.00   ******       0.0000    0.0000
   4870.00      1549.71      0.00   ******       0.0000    0.0000
   4875.00      1549.79      0.00   ******       0.0000    0.0000
   4880.00      1549.88      0.00   ******       0.0000    0.0000
   4885.00      1549.96      0.00   ******       0.0000    0.0000
   4890.00      1550.05      0.00   ******       0.0000    0.0000
   4895.00      1550.13      0.00   ******       0.0000    0.0000
   4900.00      1550.22      0.00   ******       0.0000    0.0000
   4905.00      1550.30      0.00   ******       0.0000    0.0000
   4910.00      1550.39      0.00   ******       0.0000    0.0000
   4915.00      1550.47      0.00   ******       0.0000    0.0000
   4920.00      1550.56      0.00   ******       0.0000    0.0000
   4925.00      1550.64      0.00   ******       0.0000    0.0000
   4930.00      1550.72      0.00   ******       0.0000    0.0000
   4935.00      1550.81      0.00   ******       0.0000    0.0000
   4940.00      1550.89      0.00   ******       0.0000    0.0000
   4945.00      1550.98      0.00   ******       0.0000    0.0000
   4950.00      1551.06      0.00   ******       0.0000    0.0000
   4955.00      1551.15      0.00   ******       0.0000    0.0000
   4960.00      1551.23      0.00   ******       0.0000    0.0000
   4965.00      1551.32      0.00   ******       0.0000    0.0000
   4970.00      1551.40      0.00   ******       0.0000    0.0000
   4975.00      1551.49      0.00   ******       0.0000    0.0000
   4980.00      1551.57      0.00   ******       0.0000    0.0000
   4985.00      1551.66      0.00   ******       0.0000    0.0000
   4990.00      1551.74      0.00   ******       0.0000    0.0000
   4995.00      1551.83      0.00   ******       0.0000    0.0000
   5000.00      1551.91      0.00   ******       0.0000    0.0000
        ( Number mesh points auto calc. =        18380  )

                              ( RMS roughness =   0.00     m )
     ACOUSTO-ELASTIC half-space
   5000.00      1800.00      0.00     2.00       0.0000    0.0000

 cLow =   1400.0     m/s      cHigh =   2000.0     m/s
 RMax =   100.00     km

 __________________________________________________________________________

 Number of source   depths, Sz =            1
 source   depths, Sz (m)
   1300.00    


 __________________________________________________________________________

 Number of receiver depths, Rz =         5001
 receiver depths, Rz (m)
   0.00000       1.00000       2.00000       3.00000       4.00000    
   5.00000       6.00000       7.00000       8.00000       9.00000    
          ... 
   5000.00    


 Mesh multiplier   CPU seconds
                --- Number of modes =         1222
        1            0.746    s
                --- Number of modes =         1220
        2            0.520    s
        4            0.368    s

    I    k (1/m)            alpha (1/m)   Phase Speed (m/s) Group Speed (m/s)
    1   1.194786341       0.000000000       1500.082941       1500.000075    
   41   1.189634989       0.000000000       1506.578594       1500.158766    
   81   1.184721121       0.000000000       1512.827430       1500.580472    
  121   1.180018267       0.000000000       1518.856664       1501.204875    
  161   1.175502997       0.000000000       1524.690803       1501.983075    
  201   1.171154835       0.000000000       1530.351543       1502.876563    
  241   1.166956038       0.000000000       1535.857865       1503.855666    
  281   1.162891299       0.000000000       1541.226261       1504.897817    
  321   1.158944547       0.000000000       1546.474862       1505.817793    
  361   1.155038483       0.000000000       1551.704671       1504.404808    
  401   1.150432372       0.000000000       1557.917399       1492.063031    
  441   1.144993995       0.000000000       1565.317039       1482.621839    
  481   1.138863232       0.000000000       1573.743500       1473.247228    
  521   1.132075846       0.000000000       1583.178914       1463.486932    
  561   1.124643029       0.000000000       1593.642215       1453.167260    
  601   1.116565200       0.000000000       1605.171475       1442.195473    
  641   1.107836638       0.000000000       1617.818500       1430.511118    
  681   1.098447441       0.000000000       1631.647125       1418.068603    
  721   1.088384425       0.000000000       1646.733055       1404.829518    
  761   1.077631540       0.000000000       1663.164582       1390.758695    
  801   1.066170006       0.000000000       1681.043922       1375.821962    
  841   1.053978295       0.000000000       1700.489106       1359.984729    
  881   1.041031986       0.000000000       1721.636446       1343.211115    
  921   1.027303533       0.000000000       1744.643672       1325.463954    
  961   1.012761975       0.000000000       1769.693821       1306.710744    
 1001  0.9973738165       0.000000000       1796.997855       1287.517048    
 1041  0.9814690789     -0.1806508338E-01   1826.118262       1266.166821    
 1081  0.9644892994     -0.2722271706E-01   1858.266971       1244.058452    
 1121  0.9465573231     -0.3458554070E-01   1893.470755       1220.713924    
 1161  0.9276223570     -0.4122209206E-01   1932.120971       1196.060824    
 1201  0.9076269345     -0.4753478457E-01   1974.686450       1170.016616    
 _________________________________________________

 End of environmental file
