 _________________________________________________

 KRAKEN- shallow                                                                 
 Nominal Frequency =   150.0    Hz
 NMedia    =   2


     N2-Linear approximation to SSP
     Attenuation units: dB/wavelength
     VACUUM


   z (m)     alphaR (m/s)   betaR  rho (g/cm^3)  alphaI     betaI


       ( # mesh points =     0  RMS roughness =   0.00     m )
      0.00      1500.00      0.00   ******       0.0000    0.0000
    100.00      1500.00      0.00   ******       0.0000    0.0000
        ( Number mesh points auto calc. =          200  )

       ( # mesh points =     0  RMS roughness =   0.00     m )
    101.00      1700.00      0.00   ******       0.0000    0.0000
    200.00      1700.00      0.00   ******       0.0000    0.0000
        ( Number mesh points auto calc. =          176  )

                              ( RMS roughness =   0.00     m )
     ACOUSTO-ELASTIC half-space
    200.00      1800.00      0.00     2.00       0.0000    0.0000

 cLow =   1400.0     m/s      cHigh =   1800.0     m/s
 RMax =   10.000     km

 __________________________________________________________________________

 Number of source   depths, Sz =            1
 source   depths, Sz (m)
   50.0000    


 __________________________________________________________________________

 Number of receiver depths, Rz =          201
 receiver depths, Rz (m)
   0.00000       1.00000       2.00000       3.00000       4.00000    
   5.00000       6.00000       7.00000       8.00000       9.00000    
          ... 
   200.000    


 Mesh multiplier   CPU seconds
                --- Number of modes =           16
        1            0.640E-03s
                --- Number of modes =           16
        2            0.270E-03s

    I    k (1/m)            alpha (1/m)   Phase Speed (m/s) Group Speed (m/s)
    1  0.6276065643       0.000000000       1501.701623       1498.463115    
    2  0.6254637921       0.000000000       1506.846292       1493.821839    
    3  0.6218699617       0.000000000       1515.554463       1485.991745    
    4  0.6167923861       0.000000000       1528.030853       1474.853957    
    5  0.6101871526       0.000000000       1544.571681       1460.281100    
    6  0.6020005225       0.000000000       1565.576376       1442.170506    
    7  0.5921714048       0.000000000       1591.562491       1420.507515    
    8  0.5806391436       0.000000000       1623.173027       1395.574189    
    9  0.5673807488       0.000000000       1661.102880       1369.195194    
   10  0.5537146697       0.000000000       1702.100103       1608.073328    
   11  0.5527035868       0.000000000       1705.213823       1460.313655    
   12  0.5504838045       0.000000000       1712.089962       1627.930508    
   13  0.5461979475       0.000000000       1725.524236       1644.008968    
   14  0.5404070007       0.000000000       1744.014779       1597.902965    
   15  0.5353002875       0.000000000       1760.652512       1408.655277    
   16  0.5305508610       0.000000000       1776.413659       1519.963996    
 _________________________________________________

 End of environmental file
